number_of_sinks 100

sink 24 5.1 -19.5
sink 99 -8.6 -4.1
sink 35 5.4 -15.6
sink 56 -15.8 14.7
sink 71 14.2 -13.0
sink 8 -0.3 -4.7
sink 82 14.3 -12.3
sink 25 19.3 -19.4
sink 23 -16.9 17.9
sink 81 -2.5 0.7
sink 0 3.3 -2.0
sink 54 4.9 1.6
sink 58 11.3 -0.9
sink 29 -15.2 19.6
sink 34 -19.3 -4.5
sink 5 -0.3 -18.6
sink 4 -15.6 18.3
sink 63 16.8 -4.2
sink 19 15.2 -8.1
sink 33 -17.7 -2.0
sink 22 -19.8 -13.3
sink 60 12.2 9.3
sink 20 10.4 -9.4
sink 26 -8.8 -16.1
sink 64 -1.8 -6.4
sink 48 1.8 11.8
sink 36 -0.1 19.0
sink 59 -14.6 -4.8
sink 90 2.4 1.0
sink 27 16.6 -10.4
sink 53 -14.3 2.2
sink 69 -12.3 -5.4
sink 75 3.3 9.9
sink 28 -11.9 -3.3
sink 3 9.4 17.7
sink 39 -13.5 6.6
sink 55 -16.3 14.3
sink 79 15.0 -11.8
sink 84 -14.7 -1.2
sink 45 13.3 -2.1
sink 80 13.5 -19.2
sink 94 -18.8 8.7
sink 65 10.5 8.4
sink 67 -2.0 -14.9
sink 91 -12.9 6.6
sink 31 -17.1 5.8
sink 21 -16.8 -15.4
sink 68 13.8 -2.8
sink 47 3.7 7.5
sink 93 18.2 16.2
sink 73 -11.9 10.1
sink 9 1.3 8.4
sink 98 -17.3 13.3
sink 95 -17.1 15.5
sink 14 -0.8 -8.1
sink 72 -8.9 18.3
sink 15 -17.1 -5.4
sink 11 2.5 -18.8
sink 38 16.0 -18.5
sink 89 17.4 -5.6
sink 86 -17.4 17.1
sink 87 6.5 -12.0
sink 41 -3.5 -16.7
sink 42 -7.0 -1.7
sink 77 -2.0 6.0
sink 78 19.2 -0.5
sink 51 17.8 -6.5
sink 85 16.3 -13.2
sink 18 -18.3 13.2
sink 57 -16.4 -19.9
sink 7 -19.1 13.7
sink 2 12.2 -18.9
sink 1 -15.9 6.3
sink 10 -13.6 3.9
sink 88 -9.8 -11.5
sink 13 19.6 16.1
sink 76 5.0 7.7
sink 92 15.5 -19.6
sink 16 10.9 -5.5
sink 37 -7.7 13.2
sink 70 4.9 12.8
sink 96 16.9 -12.4
sink 40 -4.0 -0.8
sink 49 11.0 -1.5
sink 62 4.9 10.4
sink 32 -4.1 15.8
sink 61 9.0 -4.7
sink 17 10.4 19.5
sink 6 2.8 11.8
sink 30 -11.8 0.4
sink 12 7.1 8.7
sink 52 -9.9 -13.1
sink 44 1.2 -6.1
sink 66 -17.6 -4.3
sink 46 11.8 10.4
sink 43 12.3 7.2
sink 97 -11.8 16.0
sink 50 -3.3 -13.8
sink 74 11.0 -11.1
sink 83 12.2 6.0

points 100 5.1 -18.8
points 101 5.1 -15.6
points 102 -0.3 -18.8
points 103 6.5 -15.6
points 104 -0.3 -16.7
points 105 6.5 -11.1
points 106 -3.3 -16.7
points 107 -8.8 -16.7
points 108 10.4 -11.1
points 109 -3.3 -14.9
points 110 -9.9 -16.1
points 111 -16.8 -16.1
points 112 10.9 -9.4
points 113 -9.8 -13.1
points 114 -16.8 -19.9
points 115 -19.8 -15.4
points 116 10.9 -4.7
points 117 10.9 -1.5
points 118 11.3 -1.5
points 119 13.3 -1.5
points 120 12.2 -0.9
points 121 13.8 -2.1
points 122 12.2 7.2
points 123 16.8 -2.8
points 124 17.4 -4.2
points 125 16.8 -0.5
points 126 11.8 9.3
points 127 12.2 8.4
points 128 17.8 -5.6
points 129 7.1 8.4
points 130 17.8 -8.1
points 131 7.1 7.7
points 132 16.6 -8.1
points 133 3.7 7.7
points 134 16.6 -12.4
points 135 3.3 7.5
points 136 1.3 7.5
points 137 16.3 -12.4
points 138 3.3 10.4
points 139 3.3 11.8
points 140 1.3 6.0
points 141 16.3 -13.0
points 142 16.0 -13.2
points 143 -2.0 0.7
points 144 14.3 -13.0
points 145 15.5 -18.5
points 146 9.4 12.8
points 147 -4.0 0.7
points 148 2.4 0.7
points 149 15.0 -12.3
points 150 15.5 -19.2
points 151 15.5 -19.4
points 152 10.4 17.7
points 153 9.4 16.2
points 154 -7.0 -0.8
points 155 4.9 1.0
points 156 2.4 -2.0
points 157 12.2 -19.2
points 158 19.6 16.2
points 159 -8.6 -1.7
points 160 1.2 -2.0
points 161 -8.6 -3.3
points 162 -0.3 -6.1
points 163 -12.3 -3.3
points 164 -11.8 -3.3
points 165 -0.3 -6.4
points 166 -12.3 -4.8
points 167 -0.8 -6.4
points 168 -17.1 -4.8
points 169 -14.6 -1.2
points 170 -17.1 -4.3
points 171 -14.3 -1.2
points 172 -19.3 -4.3
points 173 -17.7 -4.3
points 174 -13.6 2.2
points 175 -13.5 3.9
points 176 -13.5 6.3
points 177 -11.9 6.6
points 178 -17.1 6.3
points 179 -17.1 8.7
points 180 -18.3 8.7
points 181 -18.3 13.3
points 182 -18.3 13.7
points 183 -17.3 14.3
points 184 -15.8 14.3
points 185 -17.1 14.3
points 186 -11.8 14.7
points 187 -17.1 17.1
points 188 -8.9 16.0
points 189 -16.9 17.1
points 190 -7.7 18.3
points 191 -15.6 17.9
points 192 -7.7 15.8
points 193 -15.2 18.3
points 194 -0.1 15.8

edge 24 100
edge 100 11
edge 100 101
edge 101 35
edge 11 102
edge 102 5
edge 35 103
edge 103 87
edge 5 104
edge 104 106
edge 106 41
edge 87 105
edge 105 108
edge 108 74
edge 106 109
edge 109 50
edge 41 107
edge 107 26
edge 108 20
edge 109 67
edge 26 110
edge 110 52
edge 110 111
edge 111 21
edge 20 112
edge 112 16
edge 52 113
edge 113 88
edge 111 114
edge 114 57
edge 21 115
edge 115 22
edge 16 116
edge 116 61
edge 116 117
edge 117 49
edge 49 118
edge 118 58
edge 118 119
edge 119 45
edge 58 120
edge 120 83
edge 45 121
edge 121 68
edge 83 122
edge 122 43
edge 68 123
edge 123 63
edge 122 127
edge 127 60
edge 63 124
edge 124 89
edge 123 125
edge 125 78
edge 60 126
edge 126 46
edge 127 65
edge 89 128
edge 128 51
edge 65 129
edge 129 12
edge 51 130
edge 130 132
edge 132 19
edge 129 131
edge 131 76
edge 132 27
edge 76 133
edge 133 47
edge 27 134
edge 134 96
edge 47 135
edge 135 75
edge 135 136
edge 136 9
edge 134 137
edge 137 141
edge 141 85
edge 75 138
edge 138 62
edge 138 139
edge 139 6
edge 136 140
edge 140 77
edge 141 144
edge 144 71
edge 85 142
edge 142 38
edge 62 70
edge 6 48
edge 77 143
edge 143 81
edge 144 82
edge 38 145
edge 145 150
edge 150 151
edge 151 92
edge 70 146
edge 146 153
edge 153 3
edge 81 147
edge 147 40
edge 143 148
edge 148 90
edge 82 149
edge 149 79
edge 150 80
edge 151 25
edge 3 152
edge 152 17
edge 153 93
edge 40 154
edge 154 42
edge 90 155
edge 155 54
edge 148 156
edge 156 0
edge 80 157
edge 157 2
edge 93 158
edge 158 13
edge 42 159
edge 159 161
edge 161 99
edge 156 160
edge 160 44
edge 161 164
edge 164 28
edge 44 162
edge 162 8
edge 28 163
edge 163 166
edge 166 69
edge 164 30
edge 162 165
edge 165 167
edge 167 64
edge 166 59
edge 167 14
edge 59 168
edge 168 15
edge 59 169
edge 169 84
edge 168 170
edge 170 66
edge 169 171
edge 171 53
edge 66 173
edge 173 172
edge 172 34
edge 173 33
edge 53 174
edge 174 10
edge 10 175
edge 175 176
edge 176 39
edge 39 91
edge 176 1
edge 91 177
edge 177 73
edge 1 178
edge 178 31
edge 178 179
edge 179 180
edge 180 94
edge 180 18
edge 18 181
edge 181 98
edge 181 182
edge 182 7
edge 98 183
edge 183 185
edge 185 55
edge 55 184
edge 184 56
edge 185 95
edge 56 186
edge 186 97
edge 95 187
edge 187 86
edge 97 188
edge 188 72
edge 187 189
edge 189 23
edge 72 190
edge 190 192
edge 192 37
edge 23 191
edge 191 4
edge 192 32
edge 4 193
edge 193 29
edge 32 194
edge 194 36

Path length = 308.9