number_of_sinks 1000

sink 5 39.7 -35.6
sink 860 -32.7 15.8
sink 829 -24.7 -45.2
sink 917 -32.9 -48.6
sink 332 -31.5 -21.6
sink 822 43.9 16.8
sink 765 -1.7 -10.0
sink 986 -3.8 42.0
sink 4 25.0 -45.8
sink 15 11.7 -40.9
sink 437 34.4 17.4
sink 97 -33.3 1.6
sink 825 -15.2 -5.3
sink 619 0.0 29.8
sink 503 8.3 9.2
sink 73 -12.6 -31.7
sink 970 24.6 35.2
sink 523 -44.9 4.0
sink 184 33.6 35.8
sink 122 26.3 32.0
sink 700 41.9 7.9
sink 682 16.2 -37.2
sink 199 24.7 33.1
sink 90 -3.2 48.4
sink 805 24.3 -44.6
sink 444 -24.4 33.1
sink 411 19.8 26.2
sink 551 2.0 35.3
sink 707 20.8 9.7
sink 912 -36.5 21.3
sink 741 -8.2 -18.2
sink 538 35.5 -3.0
sink 800 40.9 -39.7
sink 851 6.0 -45.8
sink 869 17.2 -10.1
sink 909 4.2 -23.7
sink 718 31.2 0.9
sink 512 42.0 -45.2
sink 906 -13.7 2.5
sink 901 37.4 3.8
sink 808 19.7 6.3
sink 67 -41.7 -45.5
sink 608 21.7 -43.5
sink 474 42.5 20.8
sink 499 2.5 -35.3
sink 129 -38.6 11.1
sink 936 -48.2 28.4
sink 690 -32.1 4.8
sink 945 35.9 12.2
sink 246 -2.3 40.6
sink 467 -14.6 46.6
sink 197 16.6 -17.5
sink 198 -7.6 -5.6
sink 504 -12.8 -20.5
sink 823 32.5 -16.7
sink 683 -48.3 29.8
sink 982 1.0 -12.7
sink 363 -24.3 14.5
sink 112 -45.6 8.1
sink 436 19.1 10.3
sink 902 -12.3 -18.8
sink 775 46.7 -21.5
sink 179 33.8 38.3
sink 17 20.6 -35.6
sink 427 -17.7 21.7
sink 487 -18.4 -48.5
sink 988 8.4 43.2
sink 661 -40.7 -14.0
sink 681 1.6 39.3
sink 632 -24.9 -21.4
sink 818 10.2 26.2
sink 536 48.2 19.9
sink 64 48.0 47.1
sink 586 48.0 44.0
sink 78 -7.6 41.5
sink 553 5.1 44.4
sink 305 -4.7 -24.2
sink 172 -5.2 -5.0
sink 978 36.6 -43.5
sink 163 -15.3 -43.9
sink 162 -10.0 27.4
sink 669 44.1 0.3
sink 893 -49.7 -3.4
sink 921 11.9 16.9
sink 128 -30.0 -25.8
sink 944 -29.5 45.0
sink 524 -19.4 15.6
sink 526 -4.2 -19.9
sink 602 10.5 1.4
sink 86 30.1 -40.6
sink 200 13.6 44.8
sink 961 -35.1 11.8
sink 974 44.0 31.2
sink 665 20.0 43.3
sink 25 11.5 30.0
sink 897 16.6 -19.3
sink 421 3.3 31.8
sink 605 -41.0 48.4
sink 628 -27.7 -34.9
sink 273 8.0 -0.3
sink 939 40.3 4.8
sink 269 -46.2 -36.5
sink 87 8.7 -43.2
sink 764 36.3 30.9
sink 746 29.6 -41.3
sink 227 7.0 -40.7
sink 10 22.5 20.7
sink 643 -21.4 9.3
sink 41 -7.0 46.4
sink 911 -35.0 -19.3
sink 371 37.5 48.2
sink 757 -7.6 -34.3
sink 783 41.7 44.5
sink 225 -4.8 -39.3
sink 933 -42.5 1.4
sink 21 -45.8 38.0
sink 502 42.0 -22.5
sink 817 15.6 7.8
sink 753 -9.7 -35.4
sink 441 46.8 38.7
sink 830 14.9 15.4
sink 271 4.3 -26.8
sink 167 -3.3 -0.7
sink 232 3.1 -31.0
sink 486 31.5 -42.5
sink 967 -34.4 -1.9
sink 570 -29.3 45.6
sink 356 12.9 -45.2
sink 55 -24.5 7.1
sink 89 -16.3 -7.3
sink 438 22.6 29.7
sink 653 -31.2 -40.0
sink 492 -48.0 -48.4
sink 509 9.1 -47.9
sink 288 -10.9 12.3
sink 418 35.5 -42.4
sink 975 8.8 11.2
sink 634 16.2 -40.6
sink 217 -6.2 12.5
sink 471 4.4 9.8
sink 300 38.0 -30.9
sink 108 -42.4 -37.8
sink 601 31.5 36.2
sink 214 -31.2 -10.3
sink 771 34.3 15.3
sink 423 32.1 13.5
sink 583 -21.1 11.0
sink 672 33.2 1.8
sink 535 26.0 -23.8
sink 342 -14.9 -16.3
sink 849 7.0 -30.0
sink 392 34.5 -20.8
sink 618 36.0 21.8
sink 240 19.9 -4.5
sink 852 -25.5 9.2
sink 428 -1.9 -14.0
sink 141 42.1 -17.7
sink 813 20.4 -14.2
sink 579 -7.6 5.8
sink 448 48.6 44.9
sink 295 -20.4 2.7
sink 317 7.8 19.2
sink 521 0.2 -25.6
sink 394 11.2 -28.8
sink 856 -36.4 -30.6
sink 785 -45.3 -2.4
sink 615 26.7 32.6
sink 948 -44.2 44.1
sink 136 17.5 46.5
sink 105 -10.3 20.4
sink 956 -1.4 33.1
sink 547 2.8 -33.9
sink 476 -26.0 7.4
sink 119 -3.7 17.2
sink 42 24.7 -20.2
sink 385 -16.7 10.4
sink 447 5.2 -1.9
sink 827 -21.9 -20.3
sink 789 -10.9 -14.8
sink 478 -2.3 13.5
sink 533 -0.3 7.1
sink 664 -24.7 -6.3
sink 882 -1.3 29.7
sink 370 -3.1 -36.5
sink 758 -29.0 31.4
sink 446 32.2 24.1
sink 836 25.4 24.9
sink 928 -23.9 37.6
sink 404 -22.2 28.4
sink 120 -48.3 11.2
sink 473 -17.6 2.4
sink 170 -1.0 -0.2
sink 516 42.9 -49.7
sink 63 44.3 30.7
sink 252 15.8 0.3
sink 736 -10.8 -17.0
sink 321 -38.1 -32.3
sink 91 -25.7 -1.5
sink 381 17.5 -41.4
sink 215 -10.8 -20.6
sink 693 -32.3 -18.9
sink 147 24.7 8.4
sink 484 -26.2 -1.4
sink 350 48.5 2.8
sink 241 -47.8 46.9
sink 431 48.9 39.8
sink 633 -19.0 14.4
sink 720 46.5 34.7
sink 40 -12.5 41.3
sink 964 35.4 -34.9
sink 929 22.4 21.5
sink 54 38.2 -16.0
sink 654 -41.2 2.8
sink 439 -42.2 3.4
sink 566 8.7 6.2
sink 518 16.2 10.9
sink 202 -45.3 42.4
sink 722 23.2 -29.7
sink 116 -0.1 -34.3
sink 77 -17.5 -14.5
sink 979 48.7 18.7
sink 493 -27.6 1.6
sink 308 -26.0 11.4
sink 132 22.6 40.2
sink 139 45.3 -37.0
sink 971 -30.7 17.2
sink 801 -30.7 26.7
sink 920 11.9 25.7
sink 346 -5.1 -6.0
sink 498 -40.3 28.6
sink 465 46.6 -21.1
sink 26 32.8 -30.5
sink 677 30.0 12.1
sink 234 45.5 4.0
sink 406 50.0 -45.8
sink 743 -45.1 -13.9
sink 44 -4.3 -13.1
sink 561 -46.7 20.2
sink 868 41.7 23.1
sink 506 -16.4 7.4
sink 118 40.6 24.0
sink 333 -30.4 -1.2
sink 169 -3.9 43.5
sink 630 5.3 -4.1
sink 303 20.9 3.9
sink 790 15.5 -10.5
sink 678 -15.7 7.5
sink 88 -23.6 2.3
sink 166 -14.0 28.3
sink 142 48.8 21.2
sink 490 16.3 -26.4
sink 735 -5.7 0.6
sink 231 -39.7 -27.2
sink 497 50.0 31.4
sink 958 -20.0 3.4
sink 164 -47.5 0.2
sink 993 -11.5 6.0
sink 560 -5.4 -5.8
sink 604 2.1 -40.8
sink 891 34.9 -1.0
sink 577 -11.1 -4.7
sink 923 35.9 -19.2
sink 862 14.9 -42.3
sink 750 -10.7 -25.1
sink 792 17.3 18.2
sink 946 14.4 8.3
sink 957 19.7 22.8
sink 663 13.9 30.7
sink 290 31.0 38.5
sink 71 -24.3 -23.2
sink 584 -48.6 -48.0
sink 617 47.3 19.8
sink 207 -25.5 -18.0
sink 222 19.6 -19.4
sink 955 34.8 -19.1
sink 203 -12.8 28.3
sink 259 28.6 33.4
sink 481 0.9 -32.7
sink 65 3.5 -13.3
sink 931 7.8 -17.0
sink 6 14.2 38.7
sink 710 23.5 45.8
sink 623 -45.3 -22.1
sink 625 22.8 -6.5
sink 649 -15.4 -3.7
sink 442 -17.9 34.3
sink 403 20.9 -48.1
sink 391 15.3 -26.5
sink 16 -21.5 -27.3
sink 514 21.1 12.8
sink 472 1.2 32.7
sink 329 -15.7 11.0
sink 291 15.8 -42.7
sink 963 16.6 -8.6
sink 574 -46.0 -10.4
sink 568 -25.8 -46.1
sink 885 8.5 -33.9
sink 382 -47.1 -24.2
sink 915 -45.0 23.7
sink 284 -7.2 43.7
sink 103 44.2 -37.0
sink 430 -49.1 43.4
sink 11 -44.5 37.2
sink 997 11.5 -28.3
sink 405 2.0 -21.0
sink 992 31.7 41.8
sink 904 39.3 47.4
sink 216 -49.7 9.2
sink 337 -48.0 -0.1
sink 744 -42.6 -43.8
sink 703 44.5 -13.3
sink 666 -46.8 -21.3
sink 787 -37.7 -2.5
sink 68 33.0 -7.8
sink 262 -42.1 -35.3
sink 264 -39.0 -38.1
sink 596 -30.2 24.7
sink 13 17.4 38.6
sink 706 -17.0 23.6
sink 832 -34.8 -35.6
sink 620 -14.2 -47.1
sink 298 29.4 9.5
sink 360 -46.7 10.7
sink 802 49.9 -2.3
sink 24 -36.5 32.3
sink 297 -36.9 -40.8
sink 193 3.0 41.8
sink 384 -18.6 -19.2
sink 245 6.2 -48.1
sink 863 -44.5 -28.5
sink 730 -18.3 -22.2
sink 908 -38.6 24.0
sink 59 40.3 26.6
sink 410 -3.0 12.0
sink 806 39.8 -38.9
sink 72 -44.0 -32.6
sink 398 49.7 -32.0
sink 833 -42.0 -29.9
sink 857 -47.7 -35.4
sink 715 -42.5 24.3
sink 949 -20.0 -29.9
sink 778 -35.2 46.1
sink 358 49.7 -17.7
sink 280 22.7 -40.2
sink 704 4.0 -6.2
sink 871 47.1 -38.2
sink 761 -2.3 -28.1
sink 763 13.8 28.2
sink 719 -39.2 -29.7
sink 396 18.1 -35.3
sink 20 42.1 -15.4
sink 320 17.2 -38.1
sink 731 40.5 42.7
sink 585 -42.3 13.0
sink 607 -40.3 35.8
sink 429 -3.5 -3.6
sink 675 -31.7 42.6
sink 870 -7.7 -44.0
sink 466 24.8 4.8
sink 12 24.8 -49.8
sink 501 -10.4 -1.0
sink 218 -6.4 -41.0
sink 357 -32.3 -44.3
sink 965 41.4 -34.1
sink 399 30.1 30.2
sink 610 23.7 46.3
sink 110 46.0 40.5
sink 953 48.2 -31.5
sink 244 -33.9 -8.4
sink 543 -35.5 37.6
sink 694 26.7 -14.5
sink 812 -18.3 -33.0
sink 567 -15.9 5.5
sink 401 -27.8 -23.5
sink 483 -35.0 0.4
sink 45 -35.3 36.4
sink 642 -34.4 -9.7
sink 425 -36.5 -6.4
sink 407 -23.6 -5.5
sink 991 -47.3 40.8
sink 655 35.4 16.3
sink 458 -10.7 -34.9
sink 387 -7.2 39.6
sink 557 46.6 13.6
sink 714 -47.0 11.6
sink 158 -29.7 -29.4
sink 242 35.4 40.1
sink 766 3.8 -38.5
sink 228 -42.9 -22.0
sink 452 -10.2 -38.5
sink 101 16.4 -1.9
sink 773 32.9 40.5
sink 612 -5.3 12.9
sink 774 -33.9 29.2
sink 2 -17.4 -46.8
sink 75 -34.0 -2.7
sink 515 -37.2 -16.1
sink 417 47.0 -21.9
sink 960 -18.0 -4.0
sink 821 7.4 -41.9
sink 985 7.8 -41.5
sink 660 -30.6 -12.2
sink 223 8.9 -49.5
sink 100 -4.2 40.1
sink 572 4.5 32.0
sink 161 5.6 -13.6
sink 691 -4.5 -0.7
sink 927 -4.3 -15.6
sink 942 -14.7 20.4
sink 445 -18.0 35.6
sink 899 22.1 -38.8
sink 918 46.7 27.2
sink 702 -1.9 32.0
sink 603 13.2 -18.7
sink 365 43.4 31.2
sink 900 -38.1 22.5
sink 984 1.2 44.2
sink 883 39.6 41.9
sink 235 -26.9 46.3
sink 353 13.3 6.7
sink 569 43.9 33.9
sink 680 16.9 -46.9
sink 581 -21.7 47.5
sink 292 -49.4 24.8
sink 46 41.1 7.1
sink 275 42.5 30.2
sink 755 -22.9 37.4
sink 937 -17.0 -19.4
sink 463 45.6 48.4
sink 213 -24.8 10.0
sink 668 29.4 -42.5
sink 485 11.1 2.8
sink 738 -39.7 50.0
sink 845 -49.2 8.5
sink 807 3.8 -19.7
sink 191 -24.3 24.4
sink 135 45.4 13.9
sink 263 -34.9 -36.3
sink 256 24.0 5.2
sink 322 24.5 17.7
sink 160 9.0 -13.7
sink 424 -2.8 -7.7
sink 412 -49.0 21.0
sink 39 -4.5 42.1
sink 117 -21.4 27.4
sink 461 45.7 -20.2
sink 544 30.7 -20.7
sink 622 -18.3 -46.1
sink 527 -7.1 -47.7
sink 157 -35.9 -32.6
sink 886 -46.4 -30.6
sink 109 -42.8 -22.7
sink 520 -47.9 30.3
sink 914 16.4 -19.8
sink 980 -27.5 -48.1
sink 952 -33.8 36.4
sink 796 16.3 4.5
sink 150 -49.2 -15.0
sink 420 27.1 -35.7
sink 727 19.7 37.4
sink 165 23.9 49.9
sink 173 -33.8 -12.6
sink 366 -28.0 4.3
sink 419 18.1 20.0
sink 826 -41.1 -22.8
sink 573 -31.4 -39.7
sink 294 18.3 28.4
sink 548 35.3 29.8
sink 9 -29.0 7.2
sink 426 47.0 -31.4
sink 327 35.8 19.3
sink 804 -20.1 -40.8
sink 930 -47.8 -19.8
sink 606 41.0 -15.6
sink 133 -19.4 -26.7
sink 709 49.3 -8.1
sink 279 32.5 16.1
sink 508 40.9 -15.7
sink 149 -22.8 -2.4
sink 393 32.0 4.2
sink 815 30.1 33.1
sink 635 31.1 -17.6
sink 794 29.2 33.4
sink 190 -33.2 -23.4
sink 8 32.5 22.5
sink 354 -30.1 -23.1
sink 375 1.6 -8.2
sink 692 43.5 34.1
sink 479 20.4 -23.1
sink 80 -38.3 37.7
sink 938 -5.4 -18.3
sink 258 36.5 -14.3
sink 0 -34.2 -46.7
sink 85 7.9 -40.6
sink 14 -34.6 -47.1
sink 287 -6.2 6.9
sink 890 -30.1 16.0
sink 95 -46.2 46.2
sink 835 -1.8 3.9
sink 220 37.8 -16.2
sink 898 -11.5 -18.2
sink 480 -47.2 -12.1
sink 355 23.6 29.7
sink 19 -19.3 -14.3
sink 791 -11.4 -20.4
sink 301 19.0 49.7
sink 701 -16.5 -41.7
sink 456 28.1 -14.7
sink 188 46.4 22.1
sink 195 -31.0 24.5
sink 38 -3.3 -2.8
sink 511 -24.7 43.6
sink 698 -28.7 -27.3
sink 996 -39.2 27.3
sink 777 -48.0 -26.9
sink 652 -23.4 -16.0
sink 409 -2.0 -15.4
sink 934 -6.8 19.1
sink 3 -41.6 32.8
sink 340 32.2 36.9
sink 562 -13.3 38.6
sink 671 -30.1 -28.2
sink 144 40.9 0.7
sink 33 12.8 30.1
sink 613 8.0 -46.6
sink 697 15.0 14.5
sink 531 -41.2 12.6
sink 468 -34.0 15.3
sink 459 -13.0 -45.9
sink 999 -3.9 7.2
sink 250 -27.4 -5.5
sink 102 -1.9 11.2
sink 894 -31.5 -28.2
sink 201 33.0 -4.2
sink 34 30.8 38.3
sink 626 -7.1 -45.6
sink 644 -19.6 14.1
sink 187 -23.2 -24.5
sink 913 18.4 -9.1
sink 489 -4.7 -45.5
sink 374 -29.1 -13.1
sink 616 36.0 -11.4
sink 450 21.3 4.2
sink 940 23.2 -32.2
sink 530 -43.9 -13.3
sink 549 -7.5 -35.8
sink 889 40.2 48.5
sink 422 -20.7 -31.0
sink 589 -44.9 -36.2
sink 281 17.4 -28.4
sink 328 -19.0 -22.8
sink 732 -21.0 39.4
sink 37 5.4 -33.0
sink 257 -43.7 -20.2
sink 35 44.0 28.4
sink 208 -19.0 17.8
sink 733 8.8 28.2
sink 769 -45.4 49.0
sink 66 21.3 -39.8
sink 248 -40.4 3.3
sink 186 -29.9 -6.0
sink 994 32.8 -18.8
sink 48 12.3 38.2
sink 341 -15.3 36.3
sink 977 -5.0 25.1
sink 881 4.5 30.5
sink 797 18.4 34.4
sink 282 36.5 -39.1
sink 676 27.7 6.0
sink 137 -21.3 35.5
sink 212 -0.7 44.3
sink 713 11.9 7.9
sink 124 44.8 41.7
sink 725 9.7 -18.7
sink 819 -10.8 29.8
sink 687 -10.8 26.2
sink 58 29.7 -7.3
sink 219 5.6 -26.2
sink 537 -13.9 -17.9
sink 123 -43.3 -1.8
sink 578 3.1 47.8
sink 175 -3.8 39.5
sink 843 -4.3 -31.8
sink 131 -35.4 -27.0
sink 751 9.7 18.8
sink 724 -13.6 -35.6
sink 255 -35.7 -48.1
sink 739 20.1 -45.9
sink 888 -44.2 -11.6
sink 935 49.7 23.5
sink 414 37.0 -34.1
sink 23 28.8 -32.1
sink 636 -46.4 49.9
sink 983 -4.2 -27.1
sink 267 -2.6 -44.5
sink 155 23.5 -7.5
sink 522 39.5 16.3
sink 51 5.8 -32.7
sink 176 13.9 38.2
sink 695 -10.7 47.2
sink 621 -10.6 12.8
sink 674 -25.5 -34.8
sink 855 48.1 27.7
sink 874 5.9 -36.2
sink 115 36.2 12.9
sink 82 -14.0 -47.4
sink 640 -48.0 3.6
sink 563 38.9 28.9
sink 236 32.1 22.9
sink 850 25.5 36.9
sink 658 29.0 -2.7
sink 768 -10.4 29.7
sink 285 -41.5 -33.8
sink 114 40.8 -43.6
sink 99 36.8 -32.1
sink 243 9.3 46.3
sink 770 22.1 -17.3
sink 18 13.8 -25.9
sink 737 -37.0 2.2
sink 247 23.8 4.5
sink 959 -19.7 -10.1
sink 325 -16.1 -6.0
sink 151 8.3 -29.0
sink 926 0.2 8.5
sink 94 24.4 -20.5
sink 229 -0.6 -49.6
sink 943 -32.2 12.2
sink 309 47.0 -15.1
sink 180 29.8 9.4
sink 185 14.3 23.5
sink 127 5.7 -26.2
sink 593 48.2 39.4
sink 324 15.6 28.8
sink 716 -33.1 -38.4
sink 587 -26.5 -43.4
sink 745 -33.4 5.3
sink 53 -37.4 22.4
sink 667 -2.3 34.5
sink 494 -12.1 -49.1
sink 734 1.6 -46.3
sink 637 2.9 25.7
sink 260 -25.1 33.8
sink 390 17.1 22.0
sink 134 32.0 49.4
sink 343 0.7 -27.8
sink 92 18.6 32.4
sink 749 19.1 44.8
sink 111 -40.4 -8.0
sink 230 29.1 8.2
sink 373 -46.8 45.4
sink 455 21.6 -49.0
sink 513 -8.1 -19.4
sink 125 20.9 -23.0
sink 864 -6.0 22.9
sink 265 19.9 15.2
sink 104 -47.8 -7.8
sink 323 33.8 -10.6
sink 990 -26.9 25.6
sink 588 46.1 10.1
sink 182 20.7 -13.3
sink 590 27.5 -19.0
sink 582 -2.8 3.5
sink 440 26.1 -16.4
sink 395 -39.8 35.9
sink 372 49.4 -35.1
sink 542 -15.6 46.6
sink 853 -40.5 -16.1
sink 361 -42.3 -27.5
sink 276 3.3 -5.5
sink 416 -39.5 -42.6
sink 238 -23.6 33.4
sink 29 15.9 -4.7
sink 989 20.5 -25.6
sink 367 28.8 -30.0
sink 748 17.5 -7.6
sink 932 47.1 31.5
sink 433 -11.8 20.6
sink 81 -6.5 -48.2
sink 138 11.7 29.5
sink 841 -9.0 19.5
sink 878 -7.6 -10.9
sink 545 4.0 32.3
sink 74 -40.9 -18.9
sink 443 -21.3 -7.0
sink 415 40.1 22.6
sink 793 -9.9 31.4
sink 36 -37.5 25.0
sink 799 44.1 -44.7
sink 525 -7.5 38.5
sink 454 -3.4 -37.9
sink 221 9.8 -1.1
sink 740 32.7 2.1
sink 254 38.6 -1.5
sink 858 45.5 -1.2
sink 121 -16.0 -33.6
sink 152 -1.9 -27.3
sink 316 46.6 45.7
sink 684 45.2 9.8
sink 905 -40.7 -22.5
sink 177 -39.0 44.6
sink 253 22.4 16.3
sink 816 20.7 -18.4
sink 941 -45.5 44.7
sink 482 2.1 14.4
sink 600 -19.2 45.9
sink 877 47.5 22.9
sink 211 -12.4 -34.8
sink 505 8.1 12.9
sink 359 31.2 35.4
sink 174 -28.1 25.3
sink 183 5.0 47.5
sink 555 -39.7 -30.0
sink 646 8.5 -19.0
sink 954 35.6 -31.3
sink 875 18.7 2.1
sink 335 -43.8 -6.6
sink 98 -35.4 -27.7
sink 171 -49.4 44.1
sink 451 -24.8 -46.1
sink 189 -33.9 -32.0
sink 517 -26.3 -48.8
sink 876 -7.3 -13.9
sink 781 -49.8 -36.7
sink 840 34.6 -18.8
sink 541 -30.4 4.9
sink 648 39.4 -33.9
sink 859 -13.4 -0.5
sink 629 -23.4 -29.4
sink 831 -28.3 9.6
sink 261 5.3 24.4
sink 388 25.5 12.3
sink 351 35.7 -40.9
sink 79 2.5 13.0
sink 820 -17.9 -21.9
sink 146 46.3 -38.0
sink 274 -41.9 15.8
sink 844 24.1 -5.4
sink 810 2.5 22.5
sink 884 45.2 -26.9
sink 651 -8.4 -47.5
sink 950 10.5 47.6
sink 657 -44.7 -6.5
sink 307 -14.9 -4.5
sink 349 48.6 29.2
sink 848 7.8 4.0
sink 552 -34.6 3.3
sink 540 -22.5 20.6
sink 178 24.4 -38.8
sink 206 26.5 -9.3
sink 339 31.9 -21.8
sink 464 -5.2 -45.5
sink 641 -25.6 -20.5
sink 896 28.8 11.1
sink 22 -0.4 48.5
sink 491 47.9 -46.1
sink 389 -24.1 -13.8
sink 824 17.4 -41.3
sink 266 20.9 -7.3
sink 7 -4.8 -2.4
sink 408 6.4 -10.3
sink 30 38.4 -15.5
sink 126 43.5 -43.3
sink 233 -41.3 29.2
sink 113 -30.7 25.0
sink 656 -15.8 15.8
sink 705 -40.3 -0.5
sink 966 -37.5 -18.8
sink 69 -11.4 29.3
sink 519 35.9 34.3
sink 546 -5.4 13.1
sink 449 -41.4 -27.1
sink 61 15.2 33.8
sink 500 -49.8 25.3
sink 673 29.4 3.0
sink 336 -14.5 -14.7
sink 226 -30.9 1.5
sink 413 -19.7 12.0
sink 31 -6.6 -47.6
sink 685 -10.2 26.3
sink 352 31.1 -37.4
sink 550 37.5 -13.3
sink 397 -10.4 36.6
sink 477 4.4 5.6
sink 251 9.7 -40.0
sink 919 -2.9 25.8
sink 767 -48.1 -18.6
sink 772 -11.3 26.7
sink 998 40.7 -12.1
sink 752 36.9 -10.1
sink 475 4.7 -47.6
sink 56 -27.4 44.6
sink 495 33.0 -47.6
sink 83 -45.6 6.5
sink 839 33.4 42.7
sink 270 -10.0 18.8
sink 995 -30.7 2.0
sink 277 38.1 -48.9
sink 249 -32.6 -40.1
sink 861 -5.1 -39.6
sink 837 14.8 41.1
sink 470 -36.7 47.9
sink 907 -40.9 -45.5
sink 559 -29.6 -8.7
sink 631 -46.5 26.7
sink 196 12.3 24.5
sink 32 -40.1 -39.7
sink 786 44.7 -4.7
sink 699 -28.0 -13.7
sink 779 -2.2 -28.3
sink 496 -17.2 -27.7
sink 867 2.5 15.7
sink 895 -4.0 -43.5
sink 239 44.1 -11.2
sink 726 -26.7 7.7
sink 925 -34.8 8.8
sink 462 -33.8 -27.2
sink 872 -9.4 42.9
sink 598 42.3 -40.8
sink 330 11.4 -36.4
sink 556 42.9 37.8
sink 283 -29.3 -18.3
sink 93 9.4 31.7
sink 209 -21.2 -46.2
sink 639 23.2 7.3
sink 268 -16.8 23.4
sink 828 14.8 7.8
sink 286 -21.7 34.9
sink 780 -21.9 -39.8
sink 210 -38.1 36.4
sink 670 8.8 -46.5
sink 453 19.5 -25.5
sink 784 46.3 -11.4
sink 662 48.5 14.7
sink 854 37.8 8.2
sink 910 -33.3 17.3
sink 916 -15.6 23.5
sink 760 -47.9 43.9
sink 159 2.9 -45.2
sink 532 -49.4 47.6
sink 711 -18.7 -17.9
sink 145 12.3 -33.8
sink 296 -4.3 42.6
sink 1 -20.8 -37.8
sink 729 15.0 -47.8
sink 27 32.0 15.3
sink 976 33.8 -1.0
sink 645 10.8 -16.8
sink 565 36.0 -45.7
sink 84 -47.9 4.9
sink 402 -1.5 -45.3
sink 788 -32.1 -19.1
sink 205 -25.5 -27.4
sink 380 -30.8 -29.1
sink 659 -25.5 -15.2
sink 302 23.9 14.4
sink 879 -7.4 16.8
sink 47 47.2 -7.0
sink 814 -9.3 -23.4
sink 383 48.6 35.7
sink 776 -24.3 -6.8
sink 315 48.6 23.7
sink 338 43.9 -34.9
sink 50 -2.1 22.2
sink 803 10.7 -48.7
sink 460 -44.2 11.8
sink 650 -0.3 37.0
sink 52 45.6 -43.1
sink 140 29.5 -40.7
sink 377 10.2 38.3
sink 576 -19.5 -27.6
sink 224 27.8 -35.4
sink 811 -15.2 22.3
sink 865 -7.6 25.1
sink 130 46.7 -15.6
sink 318 -44.5 44.8
sink 153 -41.7 13.3
sink 278 -23.2 33.1
sink 310 9.9 46.4
sink 362 11.1 15.6
sink 539 -31.9 -21.3
sink 922 -7.5 -29.8
sink 319 -8.7 -8.8
sink 434 -44.8 -42.8
sink 57 2.5 -25.5
sink 488 -4.3 31.8
sink 314 -3.2 37.7
sink 312 -7.5 -5.0
sink 747 25.5 4.5
sink 194 36.3 11.3
sink 987 -28.4 5.6
sink 624 40.7 39.2
sink 457 44.7 -39.2
sink 28 -26.0 35.2
sink 334 0.2 -4.2
sink 106 -14.9 -0.4
sink 76 1.0 19.7
sink 759 30.6 -30.5
sink 647 14.7 -10.3
sink 558 -45.5 -20.9
sink 379 -11.3 -13.7
sink 168 -26.7 -3.8
sink 686 -15.3 41.6
sink 609 34.5 -22.7
sink 469 -39.8 -43.2
sink 611 -14.9 31.4
sink 679 48.2 -23.2
sink 728 29.6 -14.3
sink 688 -20.6 45.4
sink 873 0.6 -44.3
sink 378 2.7 8.0
sink 364 35.7 46.9
sink 345 41.6 -19.2
sink 842 13.6 17.0
sink 432 -40.6 -41.3
sink 272 -11.8 -25.2
sink 592 -24.7 27.4
sink 435 34.3 -43.4
sink 754 12.9 3.9
sink 838 -46.8 -26.7
sink 43 36.3 -42.7
sink 400 16.0 -42.2
sink 386 32.1 1.4
sink 594 41.7 -46.1
sink 708 12.4 46.0
sink 580 -8.9 -28.3
sink 924 39.4 15.5
sink 204 -12.0 -47.3
sink 595 -17.0 46.8
sink 969 17.9 26.5
sink 712 5.3 -3.7
sink 348 -42.4 -13.5
sink 834 0.9 -21.5
sink 892 44.1 -20.4
sink 880 -6.0 -22.1
sink 809 26.2 46.8
sink 575 -2.1 21.6
sink 564 -22.0 -33.7
sink 614 -10.3 -20.9
sink 756 -8.4 28.3
sink 344 20.2 32.2
sink 154 -20.3 28.9
sink 782 -33.3 -19.4
sink 951 6.8 16.3
sink 143 -11.7 -20.4
sink 762 -36.9 34.1
sink 717 14.6 33.8
sink 289 42.4 -13.1
sink 599 7.5 32.9
sink 554 30.9 12.9
sink 107 30.4 -3.2
sink 60 -41.2 -16.7
sink 510 26.3 -22.4
sink 368 5.4 -49.7
sink 973 -30.0 -8.5
sink 847 27.5 37.9
sink 866 -36.4 45.4
sink 331 1.0 -21.5
sink 306 -48.8 27.4
sink 846 -2.3 40.9
sink 795 -38.1 -0.2
sink 903 -12.8 -17.2
sink 326 -13.8 18.4
sink 369 -22.6 -5.3
sink 571 32.5 -13.8
sink 96 36.6 37.2
sink 347 -7.9 45.5
sink 313 28.2 -32.6
sink 529 -37.3 -48.2
sink 742 -20.8 30.1
sink 148 34.2 -0.7
sink 304 29.0 -36.4
sink 534 31.2 -18.6
sink 638 2.7 -11.0
sink 798 -34.2 -27.6
sink 887 -35.3 22.0
sink 972 32.2 12.6
sink 981 -41.3 -37.4
sink 528 39.6 29.4
sink 962 -26.1 -16.5
sink 192 -21.7 26.0
sink 689 6.7 -14.0
sink 696 10.3 -41.8
sink 156 12.0 -19.6
sink 311 49.7 37.4
sink 181 -44.6 34.8
sink 507 29.8 -20.7
sink 49 -43.1 -1.7
sink 947 2.5 -13.0
sink 70 38.4 40.0
sink 591 -26.0 -40.2
sink 237 28.1 -5.8
sink 62 -1.2 48.0
sink 376 -19.6 45.3
sink 597 -10.0 12.9
sink 299 -20.6 21.8
sink 627 12.1 -7.0
sink 721 14.6 -32.3
sink 723 35.7 13.8
sink 293 -36.6 19.1
sink 968 44.8 44.2

points 1000 39.4 -35.6
points 1001 39.8 -35.6
points 1002 39.4 -34.1
points 1003 39.8 -39.7
points 1004 39.8 -39.1
points 1005 43.9 -34.1
points 1006 36.8 -34.1
points 1007 35.4 -34.1
points 1008 42.3 -39.7
points 1009 35.7 -39.1
points 1010 44.2 -34.9
points 1011 36.8 -31.3
points 1012 36.8 -30.9
points 1013 43.5 -40.8
points 1014 35.7 -42.4
points 1015 44.7 -37.0
points 1016 32.8 -31.3
points 1017 43.5 -44.7
points 1018 43.5 -43.1
points 1019 36.3 -42.4
points 1020 34.3 -42.4
points 1021 46.3 -37.0
points 1022 42.0 -44.7
points 1023 47.9 -44.7
points 1024 36.3 -43.5
points 1025 34.3 -42.5
points 1026 47.1 -38.0
points 1027 28.8 -30.5
points 1028 42.0 -46.1
points 1029 42.0 -43.6
points 1030 47.9 -45.8
points 1031 36.0 -43.5
points 1032 47.1 -35.1
points 1033 42.9 -46.1
points 1034 36.0 -47.6
points 1035 36.0 -48.9
points 1036 29.6 -42.5
points 1037 49.4 -32.0
points 1038 28.2 -32.1
points 1039 29.6 -40.7
points 1040 48.2 -32.0
points 1041 28.2 -35.4
points 1042 28.2 -32.2
points 1043 30.1 -40.7
points 1044 47.0 -31.5
points 1045 27.1 -35.4
points 1046 29.0 -35.4
points 1047 45.2 -31.4
points 1048 24.4 -35.7
points 1049 31.1 -36.4
points 1050 22.1 -39.8
points 1051 20.6 -38.8
points 1052 22.7 -39.8
points 1053 21.7 -39.8
points 1054 18.1 -35.6
points 1055 21.7 -44.6
points 1056 21.7 -45.9
points 1057 17.2 -35.3
points 1058 25.0 -44.6
points 1059 20.1 -48.1
points 1060 20.1 -46.9
points 1061 17.2 -37.2
points 1062 17.2 -41.3
points 1063 21.6 -48.1
points 1064 15.0 -46.9
points 1065 17.5 -41.3
points 1066 16.2 -41.3
points 1067 24.8 -49.0
points 1068 15.0 -45.2
points 1069 16.2 -42.2
points 1070 15.8 -42.2
points 1071 14.9 -42.2
points 1072 11.7 -42.3
points 1073 11.7 -41.8
points 1074 11.4 -40.9
points 1075 9.7 -41.8
points 1076 11.4 -33.8
points 1077 9.7 -40.6
points 1078 14.6 -33.8
points 1079 8.5 -33.8
points 1080 7.9 -40.7
points 1081 7.9 -41.5
points 1082 8.5 -32.7
points 1083 7.8 -41.9
points 1084 7.8 -43.2
points 1085 5.8 -33.0
points 1086 5.8 -36.2
points 1087 7.0 -32.7
points 1088 8.8 -43.2
points 1089 2.8 -33.0
points 1090 3.8 -36.2
points 1091 8.3 -30.0
points 1092 8.8 -46.6
points 1093 8.8 -47.9
points 1094 2.5 -33.9
points 1095 0.9 -33.9
points 1096 2.8 -31.0
points 1097 2.1 -38.5
points 1098 11.2 -29.0
points 1099 6.0 -46.6
points 1100 9.1 -49.5
points 1101 9.1 -48.7
points 1102 0.9 -34.3
points 1103 11.5 -28.8
points 1104 6.0 -48.1
points 1105 2.9 -45.8
points 1106 13.8 -28.3
points 1107 4.7 -48.1
points 1108 5.4 -48.1
points 1109 2.9 -46.3
points 1110 13.8 -26.5
points 1111 0.6 -46.3
points 1112 16.3 -26.5
points 1113 0.6 -45.3
points 1114 17.4 -26.4
points 1115 19.5 -26.4
points 1116 -2.6 -45.3
points 1117 -0.6 -45.3
points 1118 19.5 -25.6
points 1119 -4.0 -44.5
points 1120 20.4 -25.6
points 1121 -4.0 -45.5
points 1122 20.4 -23.0
points 1123 20.4 -19.4
points 1124 20.7 -19.4
points 1125 16.6 -19.4
points 1126 -7.1 -45.5
points 1127 20.7 -17.3
points 1128 20.7 -14.2
points 1129 16.6 -19.8
points 1130 16.6 -18.7
points 1131 -7.1 -44.0
points 1132 12.0 -18.7
points 1133 -6.6 -47.7
points 1134 -7.1 -47.5
points 1135 -6.4 -44.0
points 1136 -6.6 -48.2
points 1137 -12.0 -47.5
points 1138 -5.1 -41.0
points 1139 8.5 -18.7
points 1140 10.8 -18.7
points 1141 -12.0 -49.1
points 1142 -14.0 -47.3
points 1143 -4.8 -39.6
points 1144 8.5 -17.0
points 1145 -14.0 -47.1
points 1146 -3.4 -39.3
points 1147 7.8 -14.0
points 1148 -14.2 -45.9
points 1149 -14.2 -46.8
points 1150 -14.2 -43.9
points 1151 -3.1 -37.9
points 1152 6.7 -13.6
points 1153 9.0 -14.0
points 1154 6.7 -10.3
points 1155 -18.3 -46.8
points 1156 -16.5 -43.9
points 1157 3.5 -13.6
points 1158 -18.3 -48.5
points 1159 -21.2 -46.1
points 1160 2.5 -13.3
points 1161 2.5 -12.7
points 1162 2.5 -11.0
points 1163 -24.7 -46.1
points 1164 -1.9 -12.7
points 1165 2.7 -8.2
points 1166 -26.3 -46.1
points 1167 -25.8 -43.4
points 1168 -2.0 -14.0
points 1169 -1.9 -10.0
points 1170 4.0 -8.2
points 1171 -26.3 -48.1
points 1172 -26.0 -43.4
points 1173 -4.3 -15.4
points 1174 -2.8 -10.0
points 1175 4.0 -5.5
points 1176 -21.9 -40.2
points 1177 -4.3 -18.3
points 1178 -5.1 -7.7
points 1179 5.3 -5.5
points 1180 -20.1 -39.8
points 1181 -20.8 -39.8
points 1182 -7.3 -13.1
points 1183 -4.2 -18.3
points 1184 -5.4 -18.2
points 1185 -5.4 -6.0
points 1186 -7.3 -10.9
points 1187 -4.2 -22.1
points 1188 -8.1 -18.2
points 1189 -5.4 -5.0
points 1190 5.3 -1.9
points 1191 -8.7 -10.9
points 1192 -4.7 -22.1
points 1193 -12.3 -18.2
points 1194 -10.8 -18.2
points 1195 -4.8 -5.0
points 1196 8.0 -1.9
points 1197 -4.2 -24.2
points 1198 -12.3 -17.2
points 1199 -12.3 -20.5
points 1200 -10.9 -17.0
points 1201 -7.6 -5.0
points 1202 -11.1 -5.0
points 1203 -4.8 -2.8
points 1204 -4.8 -0.7
points 1205 9.8 -0.3
points 1206 -4.2 -27.3
points 1207 -4.2 -31.8
points 1208 -13.9 -17.2
points 1209 -11.7 -20.5
points 1210 -11.3 -14.8
points 1211 -14.9 -4.7
points 1212 -3.3 -3.6
points 1213 -5.7 -0.7
points 1214 9.8 1.4
points 1215 -2.3 -27.3
points 1216 0.7 -27.3
points 1217 -13.9 -16.3
points 1218 -14.9 -5.3
points 1219 -14.9 -3.7
points 1220 0.2 -3.6
points 1221 -3.3 -0.2
points 1222 -3.3 3.5
points 1223 11.1 1.4
points 1224 -2.2 -28.1
points 1225 0.7 -25.6
points 1226 -14.9 -14.7
points 1227 -10.8 -20.4
points 1228 -16.1 -5.3
points 1229 -18.0 -3.7
points 1230 -1.8 3.5
points 1231 11.1 3.9
points 1232 11.1 4.0
points 1233 2.5 -25.6
points 1234 -17.5 -14.7
points 1235 -10.3 -20.6
points 1236 -16.3 -6.0
points 1237 -14.9 -0.5
points 1238 13.3 3.9
points 1239 8.7 4.0
points 1240 4.3 -25.5
points 1241 -17.5 -14.3
points 1242 -10.3 -23.4
points 1243 -13.7 -0.5
points 1244 -10.4 -0.5
points 1245 13.3 7.8
points 1246 13.3 7.9
points 1247 8.3 6.2
points 1248 4.3 -26.2
points 1249 4.3 -23.7
points 1250 -18.7 -14.3
points 1251 -19.7 -14.3
points 1252 -10.7 -23.4
points 1253 -17.6 2.5
points 1254 14.4 7.8
points 1255 8.3 11.2
points 1256 4.4 9.2
points 1257 3.8 -23.7
points 1258 -18.6 -17.9
points 1259 -11.8 -25.1
points 1260 -17.6 2.7
points 1261 16.2 7.8
points 1262 16.3 7.8
points 1263 8.1 11.2
points 1264 4.4 8.0
points 1265 3.8 -21.0
points 1266 -17.0 -19.2
points 1267 -18.3 -19.2
points 1268 -20.0 2.7
points 1269 -23.6 2.7
points 1270 16.2 10.3
points 1271 8.1 16.3
points 1272 0.2 8.0
points 1273 1.0 -21.0
points 1274 -18.3 -21.9
points 1275 -19.0 -22.2
points 1276 20.8 10.3
points 1277 7.8 16.3
points 1278 2.5 16.3
points 1279 -0.3 8.5
points 1280 -1.9 8.5
points 1281 -19.4 -22.8
points 1282 20.8 12.8
points 1283 7.8 18.8
points 1284 2.5 14.4
points 1285 -3.9 7.1
points 1286 -3.0 11.2
points 1287 -19.4 -27.6
points 1288 21.1 15.2
points 1289 9.7 16.9
points 1290 -3.9 6.9
points 1291 -3.0 13.5
points 1292 -3.0 12.9
points 1293 -21.5 -27.6
points 1294 -17.2 -27.6
points 1295 -20.0 -27.6
points 1296 22.4 15.2
points 1297 13.6 16.9
points 1298 11.1 16.9
points 1299 -7.6 6.9
points 1300 -5.4 12.9
points 1301 -6.2 12.9
points 1302 -20.7 -29.9
points 1303 -23.4 -29.9
points 1304 22.4 14.4
points 1305 22.4 17.7
points 1306 22.4 20.7
points 1307 13.6 15.4
points 1308 -7.6 6.0
points 1309 -20.7 -33.7
points 1310 -20.7 -33.0
points 1311 -25.5 -29.4
points 1312 25.5 14.4
points 1313 15.0 15.4
points 1314 -10.6 12.9
points 1315 -25.5 -33.7
points 1316 -16.0 -33.0
points 1317 -28.7 -27.4
points 1318 28.8 12.3
points 1319 22.4 22.8
points 1320 22.4 24.9
points 1321 -10.9 12.8
points 1322 -27.7 -34.8
points 1323 -13.6 -33.6
points 1324 -30.1 -27.3
points 1325 28.8 9.5
points 1326 28.8 12.1
points 1327 19.7 22.0
points 1328 19.7 26.2
points 1329 -13.6 -34.8
points 1330 -30.1 -29.1
points 1331 -30.1 -25.8
points 1332 29.8 9.5
points 1333 29.1 9.5
points 1334 30.9 12.1
points 1335 18.1 22.0
points 1336 17.9 26.2
points 1337 -10.7 -34.8
points 1338 -12.6 -34.8
points 1339 -31.5 -27.6
points 1340 -29.7 -29.1
points 1341 27.7 8.2
points 1342 30.9 12.6
points 1343 17.3 20.0
points 1344 17.9 28.4
points 1345 -10.7 -35.4
points 1346 -33.8 -27.6
points 1347 -35.4 -27.6
points 1348 -30.1 -23.5
points 1349 -31.5 -23.1
points 1350 -33.2 -23.1
points 1351 25.5 6.0
points 1352 32.1 12.6
points 1353 15.6 28.4
points 1354 -7.5 -35.4
points 1355 -10.2 -35.4
points 1356 -35.4 -30.6
points 1357 -27.8 -23.2
points 1358 -31.9 -21.6
points 1359 25.5 4.8
points 1360 32.1 15.3
points 1361 15.6 28.2
points 1362 -7.5 -34.3
points 1363 -35.9 -30.6
points 1364 -23.2 -23.2
points 1365 -24.9 -23.2
points 1366 -31.9 -19.1
points 1367 24.0 4.8
points 1368 32.5 15.3
points 1369 13.9 28.2
points 1370 -7.6 -29.8
points 1371 -35.9 -32.3
points 1372 -33.9 -32.6
points 1373 -34.8 -32.6
points 1374 -24.9 -20.5
points 1375 -32.3 -19.1
points 1376 -29.3 -19.1
points 1377 24.0 4.5
points 1378 24.0 7.3
points 1379 35.4 15.3
points 1380 13.9 30.1
points 1381 14.6 30.7
points 1382 -8.9 -29.8
points 1383 -39.2 -32.3
points 1384 -34.8 -36.3
points 1385 -25.5 -20.5
points 1386 -21.9 -20.5
points 1387 -32.3 -19.4
points 1388 21.3 4.5
points 1389 24.7 7.3
points 1390 35.4 17.4
points 1391 35.4 13.8
points 1392 12.8 30.0
points 1393 -39.2 -30.0
points 1394 -33.1 -36.3
points 1395 -25.5 -16.5
points 1396 -35.0 -19.4
points 1397 20.9 4.2
points 1398 35.8 17.4
points 1399 36.2 13.8
points 1400 39.4 16.3
points 1401 43.9 16.3
points 1402 11.7 30.0
points 1403 9.4 30.0
points 1404 18.4 33.8
points 1405 -39.7 -29.9
points 1406 -32.6 -38.4
points 1407 -37.5 -19.3
points 1408 19.7 3.9
points 1409 18.7 3.9
points 1410 35.8 21.8
points 1411 36.2 12.2
points 1412 43.9 13.9
points 1413 11.9 29.5
points 1414 7.5 31.7
points 1415 18.4 32.4
points 1416 18.4 37.4
points 1417 -42.3 -29.9
points 1418 -41.5 -29.9
points 1419 -32.6 -40.0
points 1420 -32.6 -44.3
points 1421 -25.5 -13.8
points 1422 -25.5 -16.0
points 1423 -25.5 -13.7
points 1424 -37.5 -16.1
points 1425 32.5 21.8
points 1426 36.3 12.2
points 1427 45.4 13.6
points 1428 12.3 25.7
points 1429 11.9 26.2
points 1430 7.5 32.0
points 1431 20.2 32.4
points 1432 17.4 37.4
points 1433 -41.4 -27.5
points 1434 -42.3 -28.5
points 1435 -42.1 -33.8
points 1436 -41.5 -32.6
points 1437 -31.4 -40.0
points 1438 -34.2 -44.3
points 1439 -29.1 -13.7
points 1440 32.5 22.9
points 1441 37.8 11.3
points 1442 48.5 13.6
points 1443 46.1 13.6
points 1444 14.3 24.5
points 1445 8.8 26.2
points 1446 4.0 32.0
points 1447 17.4 38.7
points 1448 -41.4 -27.2
points 1449 -46.4 -28.5
points 1450 -42.1 -37.8
points 1451 -42.1 -36.2
points 1452 -34.6 -46.7
points 1453 -30.6 -13.1
points 1454 -40.5 -16.7
points 1455 -40.7 -16.1
points 1456 32.2 22.9
points 1457 37.8 7.1
points 1458 48.7 14.7
points 1459 45.2 10.1
points 1460 3.3 32.3
points 1461 13.9 38.7
points 1462 14.8 38.7
points 1463 -41.3 -37.8
points 1464 -46.2 -36.2
points 1465 -34.6 -48.1
points 1466 -34.6 -48.6
points 1467 -30.6 -10.3
points 1468 -33.8 -12.2
points 1469 -40.9 -16.7
points 1470 -42.4 -14.0
points 1471 41.9 7.1
points 1472 40.3 7.1
points 1473 48.7 19.9
points 1474 3.3 32.7
points 1475 -41.3 -38.1
points 1476 -47.7 -36.5
points 1477 -37.3 -48.1
points 1478 -30.0 -10.3
points 1479 -33.8 -9.7
points 1480 -40.9 -22.5
points 1481 -43.9 -13.5
points 1482 40.3 3.8
points 1483 40.3 0.7
points 1484 47.3 19.9
points 1485 48.8 19.9
points 1486 1.2 33.1
points 1487 1.2 35.3
points 1488 10.2 38.2
points 1489 -40.1 -38.1
points 1490 -47.7 -36.7
points 1491 -30.0 -8.7
points 1492 -29.9 -8.5
points 1493 -34.4 -8.4
points 1494 -41.1 -22.5
points 1495 -45.1 -13.3
points 1496 -44.2 -13.3
points 1497 44.1 0.7
points 1498 38.6 0.7
points 1499 48.6 21.2
points 1500 -1.9 33.1
points 1501 -2.3 33.1
points 1502 -0.3 35.3
points 1503 -40.1 -41.3
points 1504 -27.4 -6.0
points 1505 -36.5 -8.4
points 1506 -41.1 -22.7
points 1507 -46.0 -11.6
points 1508 45.5 0.3
points 1509 34.9 -1.5
points 1510 48.6 23.5
points 1511 48.6 22.9
points 1512 48.6 27.7
points 1513 -1.9 31.8
points 1514 -1.9 29.7
points 1515 -3.2 37.0
points 1516 -39.5 -41.3
points 1517 -36.9 -41.3
points 1518 -26.7 -5.5
points 1519 -24.7 -5.5
points 1520 -42.9 -22.7
points 1521 -46.0 -12.1
points 1522 -46.0 -7.8
points 1523 45.5 -4.7
points 1524 45.5 -2.3
points 1525 45.5 2.8
points 1526 34.2 -1.0
points 1527 34.9 -3.0
points 1528 46.4 22.9
points 1529 46.7 27.7
points 1530 0.0 29.7
points 1531 -3.8 37.7
points 1532 -39.8 -42.6
points 1533 -26.7 -1.4
points 1534 -24.3 -6.3
points 1535 -42.9 -22.1
points 1536 -44.7 -7.8
points 1537 47.2 -4.7
points 1538 33.8 -0.7
points 1539 33.0 -3.0
points 1540 48.6 31.4
points 1541 -4.2 39.5
points 1542 -39.8 -43.8
points 1543 -25.7 -1.4
points 1544 -30.4 -1.4
points 1545 -23.6 -5.3
points 1546 -45.5 -22.1
points 1547 -44.7 -6.6
points 1548 49.3 -7.0
points 1549 33.8 1.8
points 1550 33.0 -3.2
points 1551 47.1 31.4
points 1552 -4.2 42.1
points 1553 -4.2 40.6
points 1554 -7.2 40.1
points 1555 -41.7 -43.8
points 1556 -44.8 -43.8
points 1557 -30.4 1.5
points 1558 -21.3 -5.3
points 1559 -22.8 -5.3
points 1560 -45.5 -21.3
points 1561 -43.7 -20.9
points 1562 -40.4 -6.6
points 1563 32.7 1.8
points 1564 29.0 -3.2
points 1565 33.8 -7.8
points 1566 33.0 -7.3
points 1567 44.0 31.5
points 1568 -4.3 42.1
points 1569 -3.8 42.1
points 1570 -7.5 39.6
points 1571 -7.2 41.5
points 1572 -44.8 -48.4
points 1573 -30.7 1.5
points 1574 -33.3 1.5
points 1575 -47.8 -21.3
points 1576 -47.1 -21.3
points 1577 32.1 2.1
points 1578 32.0 2.1
points 1579 36.0 -10.6
points 1580 28.1 -7.3
points 1581 44.0 30.7
points 1582 44.0 33.9
points 1583 -3.9 42.6
points 1584 -10.4 38.5
points 1585 -48.6 -48.4
points 1586 -35.0 1.6
points 1587 -34.6 1.6
points 1588 -48.1 -19.8
points 1589 -47.1 -26.7
points 1590 31.2 1.4
points 1591 32.0 3.0
points 1592 36.9 -11.4
points 1593 37.5 -11.4
points 1594 24.1 -5.8
points 1595 42.5 31.2
points 1596 43.9 34.1
points 1597 43.9 34.7
points 1598 -0.7 43.5
points 1599 -7.2 45.5
points 1600 -7.2 42.9
points 1601 -34.4 0.4
points 1602 -33.4 3.3
points 1603 -34.6 2.2
points 1604 -49.2 -18.6
points 1605 -48.0 -26.7
points 1606 37.5 -14.3
points 1607 24.1 -6.5
points 1608 42.5 29.4
points 1609 48.6 34.7
points 1610 -0.7 44.2
points 1611 -7.0 45.5
points 1612 -10.7 45.5
points 1613 -12.5 42.9
points 1614 -34.0 -1.9
points 1615 -33.4 4.8
points 1616 -37.0 -0.2
points 1617 38.4 -14.3
points 1618 32.5 -14.3
points 1619 22.8 -7.5
points 1620 22.8 -7.3
points 1621 38.9 29.4
points 1622 40.3 29.4
points 1623 48.6 37.4
points 1624 5.1 44.2
points 1625 3.0 44.2
points 1626 -10.7 46.6
points 1627 -15.3 41.3
points 1628 -13.3 41.3
points 1629 -30.4 4.8
points 1630 -40.3 -0.2
points 1631 -37.7 -0.2
points 1632 38.4 -16.0
points 1633 38.4 -15.7
points 1634 26.5 -7.5
points 1635 17.5 -7.3
points 1636 19.9 -7.3
points 1637 40.6 26.6
points 1638 48.9 37.4
points 1639 5.0 44.4
points 1640 8.4 44.4
points 1641 1.6 41.8
points 1642 -15.3 38.6
points 1643 -28.4 4.9
points 1644 -40.4 -0.5
points 1645 37.8 -16.0
points 1646 41.0 -15.7
points 1647 32.5 -17.6
points 1648 28.1 -14.3
points 1649 17.5 -8.6
points 1650 15.9 -4.5
points 1651 40.6 22.6
points 1652 40.6 23.1
points 1653 48.9 39.4
points 1654 3.1 47.5
points 1655 8.4 46.3
points 1656 -17.0 46.6
points 1657 -15.3 35.6
points 1658 -28.4 4.3
points 1659 -28.4 7.2
points 1660 -40.4 2.8
points 1661 42.1 -15.6
points 1662 31.2 -17.6
points 1663 26.7 -14.7
points 1664 17.2 -8.6
points 1665 15.9 -1.9
points 1666 42.5 23.1
points 1667 46.8 39.4
points 1668 -0.4 47.8
points 1669 9.9 46.3
points 1670 -17.0 45.9
points 1671 -17.9 35.6
points 1672 -21.3 35.6
points 1673 -27.6 4.3
points 1674 -26.7 7.2
points 1675 -28.3 7.2
points 1676 -42.2 2.8
points 1677 42.1 -13.1
points 1678 31.2 -18.8
points 1679 31.2 -20.7
points 1680 26.7 -16.4
points 1681 15.5 -10.1
points 1682 17.2 -9.1
points 1683 15.8 -1.9
points 1684 46.8 40.5
points 1685 -0.4 48.0
points 1686 10.5 46.4
points 1687 12.4 46.4
points 1688 -19.6 45.9
points 1689 -21.7 35.5
points 1690 -21.3 37.4
points 1691 -26.7 7.4
points 1692 -42.2 1.4
points 1693 -44.9 3.4
points 1694 41.6 -17.7
points 1695 42.4 -13.3
points 1696 40.7 -13.1
points 1697 31.9 -20.7
points 1698 15.5 -10.3
points 1699 44.8 40.5
points 1700 -3.2 48.0
points 1701 13.6 46.0
points 1702 -19.6 45.4
points 1703 -23.2 34.9
points 1704 -23.9 37.4
points 1705 -21.0 37.4
points 1706 -24.5 7.4
points 1707 -25.5 7.4
points 1708 -43.1 1.4
points 1709 -45.6 4.0
points 1710 -48.0 4.0
points 1711 41.6 -22.5
points 1712 41.6 -20.4
points 1713 44.1 -13.3
points 1714 47.0 -13.3
points 1715 34.6 -19.1
points 1716 27.5 -20.7
points 1717 12.1 -10.3
points 1718 -21.7 45.4
points 1719 -24.7 45.4
points 1720 -23.2 33.4
points 1721 -24.8 9.2
points 1722 -43.3 -1.7
points 1723 -48.0 4.9
points 1724 45.7 -20.4
points 1725 44.1 -11.4
points 1726 47.0 -15.6
points 1727 35.9 -19.1
points 1728 34.5 -19.1
points 1729 27.5 -20.2
points 1730 46.6 44.2
points 1731 41.7 44.2
points 1732 20.0 44.8
points 1733 17.5 44.8
points 1734 -24.7 44.6
points 1735 -24.4 33.4
points 1736 -24.8 11.4
points 1737 -21.4 10.0
points 1738 -45.3 -1.8
points 1739 -46.7 8.1
points 1740 -48.0 0.2
points 1741 -49.7 -0.1
points 1742 45.7 -21.1
points 1743 49.7 -15.6
points 1744 24.4 -20.2
points 1745 46.6 47.1
points 1746 46.6 44.9
points 1747 46.6 48.4
points 1748 40.5 44.5
points 1749 39.3 44.5
points 1750 22.6 43.3
points 1751 19.0 46.5
points 1752 -26.9 44.6
points 1753 -29.5 44.6
points 1754 -24.4 33.8
points 1755 -24.3 11.4
points 1756 -21.4 11.0
points 1757 -47.0 10.7
points 1758 46.7 -21.1
points 1759 24.4 -22.4
points 1760 48.0 44.9
points 1761 39.6 42.7
points 1762 39.3 48.5
points 1763 39.3 48.2
points 1764 19.0 49.9
points 1765 -29.3 45.0
points 1766 -29.5 42.6
points 1767 -26.0 33.8
points 1768 -29.0 33.8
points 1769 -19.7 11.0
points 1770 -47.0 11.2
points 1771 -44.2 11.6
points 1772 47.0 -21.5
points 1773 26.0 -22.4
points 1774 39.6 40.0
points 1775 35.7 48.2
points 1776 23.7 49.9
points 1777 -19.6 12.0
points 1778 -19.7 10.4
points 1779 -48.3 9.2
points 1780 -42.3 11.8
points 1781 48.2 -21.9
points 1782 40.7 40.0
points 1783 35.4 40.0
points 1784 35.7 49.4
points 1785 23.5 46.3
points 1786 23.7 46.8
points 1787 -19.0 14.1
points 1788 -15.7 10.4
points 1789 -16.4 10.4
points 1790 -49.2 9.2
points 1791 -41.7 13.0
points 1792 42.9 39.2
points 1793 35.4 40.5
points 1794 -19.0 15.6
points 1795 -16.4 7.5
points 1796 -41.7 12.6
points 1797 -41.9 13.3
points 1798 32.9 41.8
points 1799 33.8 40.5
points 1800 -15.8 15.6
points 1801 -15.9 7.5
points 1802 -38.6 12.6
points 1803 33.4 41.8
points 1804 33.8 35.8
points 1805 -13.8 15.8
points 1806 -35.1 11.1
points 1807 31.5 35.8
points 1808 35.9 35.8
points 1809 -13.8 20.4
points 1810 -35.1 8.8
points 1811 -35.1 12.2
points 1812 31.5 35.4
points 1813 31.5 36.9
points 1814 35.9 37.2
points 1815 35.9 30.9
points 1816 -15.2 20.4
points 1817 -11.8 20.4
points 1818 -32.7 12.2
points 1819 30.1 35.4
points 1820 31.0 36.9
points 1821 35.3 30.9
points 1822 -15.6 22.3
points 1823 -32.7 15.3
points 1824 -32.7 17.3
points 1825 30.1 33.4
points 1826 31.0 38.3
points 1827 -15.6 23.4
points 1828 -10.0 20.4
points 1829 -30.7 17.3
points 1830 -33.3 19.1
points 1831 -17.0 23.4
points 1832 -17.7 23.4
points 1833 -10.0 19.5
points 1834 -30.1 17.2
points 1835 -36.5 19.1
points 1836 26.7 33.4
points 1837 -17.7 21.8
points 1838 -9.0 19.1
points 1839 -36.5 22.0
points 1840 -36.5 22.4
points 1841 26.3 32.6
points 1842 24.7 32.6
points 1843 -22.5 21.8
points 1844 -21.7 21.8
points 1845 -7.4 19.1
points 1846 -6.0 19.1
points 1847 -38.1 22.4
points 1848 24.7 35.2
points 1849 24.7 29.7
points 1850 -21.7 27.4
points 1851 -7.4 17.2
points 1852 -6.0 25.1
points 1853 -38.6 22.5
points 1854 25.5 35.2
points 1855 -22.2 27.4
points 1856 -2.9 25.1
points 1857 -38.6 25.0
points 1858 -38.6 27.3
points 1859 -38.6 24.3
points 1860 27.5 36.9
points 1861 -22.2 28.9
points 1862 -24.3 27.4
points 1863 -7.6 26.3
points 1864 -2.9 22.2
points 1865 -40.3 27.3
points 1866 -45.0 24.3
points 1867 -20.8 28.9
points 1868 -24.3 25.6
points 1869 -10.8 26.3
points 1870 -10.0 26.3
points 1871 -2.1 22.5
points 1872 -41.3 28.6
points 1873 -45.0 26.7
points 1874 -28.1 25.6
points 1875 -10.8 26.7
points 1876 -8.4 27.4
points 1877 2.9 22.5
points 1878 1.0 22.5
points 1879 -41.6 29.2
points 1880 -48.8 26.7
points 1881 -30.2 25.3
points 1882 -11.4 26.7
points 1883 2.9 24.4
points 1884 -41.6 35.8
points 1885 -41.6 34.8
points 1886 -48.2 27.4
points 1887 -48.8 25.3
points 1888 -30.7 24.7
points 1889 -10.8 29.3
points 1890 -11.4 28.3
points 1891 -39.8 35.8
points 1892 -44.6 37.2
points 1893 -48.2 29.8
points 1894 -49.4 25.3
points 1895 -30.7 24.5
points 1896 -10.4 29.8
points 1897 -39.8 36.4
points 1898 -45.8 37.2
points 1899 -47.9 29.8
points 1900 -49.0 24.8
points 1901 -10.4 31.4
points 1902 -14.9 28.3
points 1903 -38.3 36.4
points 1904 -36.9 36.4
points 1905 -45.8 40.8
points 1906 -46.7 21.0
points 1907 -35.5 36.4
points 1908 -36.5 34.1
points 1909 -45.3 40.8
points 1910 -33.9 32.3
points 1911 -45.3 44.7
points 1912 -44.5 44.7
points 1913 -46.8 44.7
points 1914 -44.5 44.1
points 1915 -46.2 45.4
points 1916 -46.8 43.9
points 1917 -46.2 46.9
points 1918 -46.2 49.0
points 1919 -49.1 43.9
points 1920 -49.4 46.9
points 1921 -46.4 49.0
points 1922 -41.0 49.0
points 1923 -49.1 44.1
points 1924 -39.7 48.4
points 1925 -36.7 48.4
points 1926 -36.4 47.9
points 1927 -36.4 46.1
points 1928 -39.0 45.4

edge 5 1000
edge 1000 1002
edge 1002 648
edge 5 1001
edge 1001 806
edge 1002 965
edge 1002 414
edge 806 1004
edge 1004 1003
edge 1003 800
edge 1004 282
edge 965 1005
edge 1005 338
edge 414 1006
edge 1006 99
edge 1006 1007
edge 1007 964
edge 800 1008
edge 1008 598
edge 282 1009
edge 1009 351
edge 338 1010
edge 1010 103
edge 99 1011
edge 1011 954
edge 1011 1012
edge 1012 300
edge 598 1013
edge 1013 1018
edge 1018 126
edge 351 1014
edge 1014 418
edge 103 1015
edge 1015 139
edge 1015 457
edge 954 1016
edge 1016 26
edge 126 1017
edge 1017 799
edge 1018 52
edge 1014 1019
edge 1019 43
edge 418 1020
edge 1020 1025
edge 1025 435
edge 139 1021
edge 1021 146
edge 26 759
edge 1017 1022
edge 1022 512
edge 799 1023
edge 1023 1030
edge 1030 491
edge 43 1024
edge 1024 978
edge 1025 486
edge 146 1026
edge 1026 871
edge 759 1027
edge 1027 367
edge 512 1028
edge 1028 594
edge 1022 1029
edge 1029 114
edge 1030 406
edge 1024 1031
edge 1031 565
edge 486 1036
edge 1036 668
edge 1026 1032
edge 1032 372
edge 1027 23
edge 1028 1033
edge 1033 516
edge 565 1034
edge 1034 495
edge 1034 1035
edge 1035 277
edge 1036 746
edge 372 1037
edge 1037 398
edge 23 1038
edge 1038 1042
edge 1042 313
edge 746 1039
edge 1039 140
edge 1037 1040
edge 1040 953
edge 313 1041
edge 1041 224
edge 1042 940
edge 1039 1043
edge 1043 86
edge 953 1044
edge 1044 426
edge 224 1045
edge 1045 420
edge 1041 1046
edge 1046 304
edge 940 722
edge 426 1047
edge 1047 884
edge 420 1048
edge 1048 178
edge 304 1049
edge 1049 352
edge 178 899
edge 899 1050
edge 1050 1053
edge 1053 66
edge 899 1051
edge 1051 17
edge 1050 1052
edge 1052 280
edge 1053 608
edge 17 1054
edge 1054 396
edge 608 1055
edge 1055 805
edge 1055 1056
edge 1056 739
edge 396 1057
edge 1057 1061
edge 1061 320
edge 805 1058
edge 1058 4
edge 739 1060
edge 1060 1059
edge 1059 403
edge 1060 680
edge 1061 682
edge 320 1062
edge 1062 824
edge 403 1063
edge 1063 455
edge 680 1064
edge 1064 729
edge 824 1065
edge 1065 381
edge 1062 1066
edge 1066 634
edge 455 1067
edge 1067 12
edge 1064 1068
edge 1068 356
edge 1066 1069
edge 1069 400
edge 400 1070
edge 1070 291
edge 1070 1071
edge 1071 862
edge 862 1072
edge 1072 1073
edge 1073 15
edge 1073 696
edge 15 1074
edge 1074 330
edge 696 1075
edge 1075 1077
edge 1077 251
edge 330 1076
edge 1076 145
edge 1077 85
edge 145 1078
edge 1078 721
edge 1076 1079
edge 1079 885
edge 85 1080
edge 1080 227
edge 1080 1081
edge 1081 985
edge 1079 1082
edge 1082 1087
edge 1087 51
edge 985 1083
edge 1083 821
edge 1083 1084
edge 1084 87
edge 51 1085
edge 1085 37
edge 1085 1086
edge 1086 874
edge 1087 849
edge 87 1088
edge 1088 670
edge 37 1089
edge 1089 547
edge 1086 1090
edge 1090 766
edge 849 1091
edge 1091 151
edge 670 1092
edge 1092 613
edge 1092 1093
edge 1093 509
edge 547 1094
edge 1094 499
edge 1094 1095
edge 1095 481
edge 1089 1096
edge 1096 232
edge 766 1097
edge 1097 604
edge 151 1098
edge 1098 394
edge 613 1099
edge 1099 851
edge 509 1101
edge 1101 1100
edge 1100 223
edge 1101 803
edge 1095 1102
edge 1102 116
edge 394 1103
edge 1103 997
edge 1099 1104
edge 1104 245
edge 851 1105
edge 1105 159
edge 997 1106
edge 1106 1110
edge 1110 18
edge 1104 1108
edge 1108 1107
edge 1107 475
edge 1108 368
edge 1105 1109
edge 1109 734
edge 1110 391
edge 734 1111
edge 1111 1113
edge 1113 873
edge 391 1112
edge 1112 490
edge 1113 1117
edge 1117 402
edge 490 1114
edge 1114 281
edge 1114 1115
edge 1115 1118
edge 1118 453
edge 402 1116
edge 1116 267
edge 1117 229
edge 1118 1120
edge 1120 989
edge 267 1119
edge 1119 895
edge 1120 479
edge 1119 1121
edge 1121 489
edge 479 1122
edge 1122 125
edge 1122 1123
edge 1123 222
edge 489 464
edge 1123 1124
edge 1124 816
edge 222 1125
edge 1125 897
edge 464 1126
edge 1126 626
edge 816 1127
edge 1127 770
edge 1127 1128
edge 1128 813
edge 1125 1129
edge 1129 914
edge 897 1130
edge 1130 197
edge 1130 603
edge 626 1134
edge 1134 527
edge 1126 1131
edge 1131 870
edge 1128 182
edge 603 1132
edge 1132 156
edge 527 1133
edge 1133 31
edge 1134 651
edge 1131 1135
edge 1135 218
edge 1132 1140
edge 1140 725
edge 1133 1136
edge 1136 81
edge 651 1137
edge 1137 204
edge 218 1138
edge 1138 861
edge 725 1139
edge 1139 646
edge 1140 645
edge 1137 1141
edge 1141 494
edge 204 1142
edge 1142 82
edge 861 1143
edge 1143 225
edge 1139 1144
edge 1144 931
edge 1142 1145
edge 1145 620
edge 225 1146
edge 1146 454
edge 931 1147
edge 1147 689
edge 620 1149
edge 1149 1148
edge 1148 459
edge 1149 2
edge 1148 1150
edge 1150 163
edge 454 1151
edge 1151 370
edge 689 1152
edge 1152 161
edge 1147 1153
edge 1153 160
edge 1152 1154
edge 1154 408
edge 2 1155
edge 1155 622
edge 163 1156
edge 1156 701
edge 161 1157
edge 1157 65
edge 1155 1158
edge 1158 487
edge 622 1159
edge 1159 209
edge 65 1160
edge 1160 947
edge 1159 1163
edge 1163 451
edge 947 1161
edge 1161 982
edge 1161 1162
edge 1162 638
edge 451 568
edge 1163 829
edge 982 1164
edge 1164 428
edge 638 1165
edge 1165 375
edge 568 1166
edge 1166 1171
edge 1171 517
edge 568 1167
edge 1167 1172
edge 1172 587
edge 428 1168
edge 1168 409
edge 1164 1169
edge 1169 765
edge 1165 1170
edge 1170 704
edge 1171 980
edge 1172 591
edge 409 1173
edge 1173 927
edge 1169 1174
edge 1174 424
edge 704 1175
edge 1175 276
edge 591 1176
edge 1176 780
edge 1173 44
edge 927 1177
edge 1177 938
edge 424 1178
edge 1178 346
edge 1175 1179
edge 1179 630
edge 780 1181
edge 1181 1180
edge 1180 804
edge 1181 1
edge 44 1182
edge 1182 876
edge 1177 1183
edge 1183 526
edge 938 1184
edge 1184 1188
edge 1188 741
edge 346 1185
edge 1185 560
edge 630 712
edge 1182 1186
edge 1186 878
edge 526 1187
edge 1187 1192
edge 1192 880
edge 1188 513
edge 741 1194
edge 1194 898
edge 560 1189
edge 1189 172
edge 712 1190
edge 1190 447
edge 878 1191
edge 1191 319
edge 1192 305
edge 898 1193
edge 1193 902
edge 1194 736
edge 1189 312
edge 172 1195
edge 1195 1203
edge 1203 7
edge 1190 1196
edge 1196 273
edge 305 1197
edge 1197 983
edge 1193 1198
edge 1198 903
edge 902 1199
edge 1199 504
edge 736 1200
edge 1200 789
edge 312 1201
edge 1201 198
edge 1201 1202
edge 1202 577
edge 1203 38
edge 7 1204
edge 1204 691
edge 273 1205
edge 1205 221
edge 983 1206
edge 1206 1215
edge 1215 152
edge 1206 1207
edge 1207 843
edge 903 1208
edge 1208 537
edge 1199 1209
edge 1209 143
edge 789 1210
edge 1210 379
edge 577 1211
edge 1211 307
edge 38 1212
edge 1212 429
edge 691 167
edge 1204 1213
edge 1213 735
edge 1205 1214
edge 1214 602
edge 1215 761
edge 152 1216
edge 1216 343
edge 1208 1217
edge 1217 342
edge 143 791
edge 1211 1218
edge 1218 825
edge 307 1219
edge 1219 649
edge 1212 1220
edge 1220 334
edge 167 1221
edge 1221 170
edge 1221 1222
edge 1222 582
edge 602 1223
edge 1223 485
edge 761 1224
edge 1224 779
edge 1216 1225
edge 1225 521
edge 342 1226
edge 1226 336
edge 791 1227
edge 1227 215
edge 825 1228
edge 1228 325
edge 649 1229
edge 1229 960
edge 1219 1237
edge 1237 106
edge 582 1230
edge 1230 835
edge 485 1231
edge 1231 754
edge 1231 1232
edge 1232 1239
edge 1239 848
edge 1225 1233
edge 1233 57
edge 1226 1234
edge 1234 77
edge 215 1235
edge 1235 614
edge 325 1236
edge 1236 89
edge 1237 1243
edge 1243 859
edge 754 1238
edge 1238 353
edge 1239 566
edge 57 1240
edge 1240 1248
edge 1248 271
edge 77 1241
edge 1241 1250
edge 1250 19
edge 614 1242
edge 1242 814
edge 1243 906
edge 859 1244
edge 1244 501
edge 353 1245
edge 1245 1254
edge 1254 828
edge 1245 1246
edge 1246 713
edge 566 1247
edge 1247 503
edge 1248 219
edge 1240 1249
edge 1249 909
edge 1250 711
edge 19 1251
edge 1251 959
edge 1242 1252
edge 1252 750
edge 906 1253
edge 1253 473
edge 828 817
edge 1254 946
edge 503 1255
edge 1255 975
edge 503 1256
edge 1256 471
edge 219 127
edge 909 1257
edge 1257 1265
edge 1265 807
edge 711 1258
edge 1258 384
edge 750 1259
edge 1259 272
edge 1253 1260
edge 1260 1268
edge 1268 295
edge 817 1261
edge 1261 1270
edge 1270 518
edge 1261 1262
edge 1262 796
edge 1255 1263
edge 1263 505
edge 1256 1264
edge 1264 378
edge 1265 405
edge 384 1267
edge 1267 1266
edge 1266 937
edge 1267 1274
edge 1274 730
edge 1268 958
edge 295 1269
edge 1269 88
edge 1270 436
edge 505 1271
edge 1271 1277
edge 1277 951
edge 378 1272
edge 1272 926
edge 1264 477
edge 405 1273
edge 1273 331
edge 1274 820
edge 730 1275
edge 1275 328
edge 436 1276
edge 1276 707
edge 1277 1283
edge 1283 317
edge 951 1278
edge 1278 867
edge 926 1279
edge 1279 533
edge 1279 1280
edge 1280 102
edge 331 834
edge 328 1281
edge 1281 133
edge 1276 1282
edge 1282 514
edge 1283 751
edge 867 1284
edge 1284 482
edge 533 1285
edge 1285 999
edge 102 1286
edge 1286 410
edge 133 1287
edge 1287 576
edge 514 1288
edge 1288 265
edge 751 1289
edge 1289 1298
edge 1298 921
edge 1284 79
edge 1285 1290
edge 1290 287
edge 410 1292
edge 1292 1291
edge 1291 478
edge 1292 612
edge 576 1295
edge 1295 1293
edge 1293 16
edge 1287 1294
edge 1294 496
edge 1295 949
edge 1288 1296
edge 1296 253
edge 921 1297
edge 1297 842
edge 1298 362
edge 287 1299
edge 1299 1308
edge 1308 579
edge 612 1300
edge 1300 546
edge 1300 1301
edge 1301 217
edge 949 1302
edge 1302 422
edge 1302 1303
edge 1303 629
edge 1296 1304
edge 1304 302
edge 253 1305
edge 1305 322
edge 1305 1306
edge 1306 10
edge 1297 1307
edge 1307 830
edge 1308 993
edge 1301 597
edge 422 1310
edge 1310 1309
edge 1309 564
edge 1310 812
edge 629 1311
edge 1311 205
edge 302 1312
edge 1312 388
edge 1306 929
edge 830 1313
edge 1313 697
edge 597 1314
edge 1314 621
edge 564 1315
edge 1315 674
edge 812 1316
edge 1316 121
edge 205 1317
edge 1317 698
edge 388 1318
edge 1318 1326
edge 1326 896
edge 929 1319
edge 1319 957
edge 1319 1320
edge 1320 836
edge 621 1321
edge 1321 288
edge 674 1322
edge 1322 628
edge 121 1323
edge 1323 1329
edge 1329 724
edge 698 1324
edge 1324 671
edge 896 1325
edge 1325 1333
edge 1333 298
edge 1326 677
edge 957 1327
edge 1327 1335
edge 1335 390
edge 957 1328
edge 1328 411
edge 1329 1338
edge 1338 211
edge 671 894
edge 671 1330
edge 1330 380
edge 1324 1331
edge 1331 128
edge 298 1332
edge 1332 180
edge 1333 230
edge 677 1334
edge 1334 1342
edge 1342 554
edge 1335 419
edge 1328 1336
edge 1336 969
edge 211 1337
edge 1337 458
edge 1338 73
edge 894 1339
edge 1339 1346
edge 1346 798
edge 1330 1340
edge 1340 158
edge 1331 1348
edge 1348 354
edge 230 1341
edge 1341 676
edge 1342 1352
edge 1352 972
edge 419 1343
edge 1343 792
edge 969 1344
edge 1344 294
edge 458 1345
edge 1345 1355
edge 1355 753
edge 1346 462
edge 798 1347
edge 1347 98
edge 1348 401
edge 354 1349
edge 1349 332
edge 1349 1350
edge 1350 190
edge 676 1351
edge 1351 1359
edge 1359 747
edge 1352 423
edge 1344 1353
edge 1353 324
edge 753 1354
edge 1354 549
edge 1355 452
edge 1347 131
edge 98 1356
edge 1356 1363
edge 1363 856
edge 401 1357
edge 1357 1365
edge 1365 71
edge 332 1358
edge 1358 539
edge 1359 466
edge 423 1360
edge 1360 27
edge 1353 1361
edge 1361 1369
edge 1369 763
edge 1354 1362
edge 1362 757
edge 1363 1371
edge 1371 157
edge 71 1364
edge 1364 187
edge 1365 632
edge 539 1366
edge 1366 788
edge 466 1367
edge 1367 256
edge 1360 1368
edge 1368 279
edge 1368 771
edge 1369 1380
edge 1380 663
edge 757 1370
edge 1370 922
edge 1371 321
edge 157 1373
edge 1373 1372
edge 1372 189
edge 1373 832
edge 632 1374
edge 1374 1385
edge 1385 641
edge 788 1375
edge 1375 693
edge 1366 1376
edge 1376 283
edge 1367 1377
edge 1377 247
edge 256 1378
edge 1378 639
edge 771 1379
edge 1379 655
edge 1380 33
edge 663 1381
edge 1381 717
edge 1370 1382
edge 1382 580
edge 321 1383
edge 1383 1393
edge 1393 719
edge 832 1384
edge 1384 263
edge 1385 207
edge 1374 1386
edge 1386 827
edge 1375 1387
edge 1387 782
edge 247 1388
edge 1388 450
edge 1378 1389
edge 1389 147
edge 655 1390
edge 1390 437
edge 1379 1391
edge 1391 723
edge 655 1400
edge 1400 522
edge 33 1392
edge 1392 1402
edge 1402 25
edge 717 61
edge 1393 555
edge 1384 1394
edge 1394 716
edge 207 1395
edge 1395 962
edge 782 1396
edge 1396 911
edge 450 1397
edge 1397 303
edge 1390 1398
edge 1398 327
edge 723 1399
edge 1399 115
edge 1400 924
edge 522 1401
edge 1401 822
edge 1402 138
edge 25 1403
edge 1403 93
edge 61 1404
edge 1404 797
edge 555 1405
edge 1405 1418
edge 1418 833
edge 716 1406
edge 1406 1419
edge 1419 249
edge 1395 1422
edge 1422 659
edge 911 1407
edge 1407 966
edge 303 1408
edge 1408 808
edge 1408 1409
edge 1409 875
edge 327 1410
edge 1410 618
edge 115 1411
edge 1411 945
edge 1401 1412
edge 1412 135
edge 138 1413
edge 1413 1429
edge 1429 920
edge 93 1414
edge 1414 1430
edge 1430 599
edge 1404 1415
edge 1415 92
edge 797 1416
edge 1416 727
edge 833 1417
edge 1417 1434
edge 1434 361
edge 1418 1436
edge 1436 285
edge 1419 1437
edge 1437 653
edge 249 1420
edge 1420 357
edge 659 1421
edge 1421 389
edge 1422 652
edge 1421 1423
edge 1423 699
edge 966 1424
edge 1424 515
edge 1410 1425
edge 1425 8
edge 1411 1426
edge 1426 194
edge 135 1427
edge 1427 1443
edge 1443 557
edge 920 1428
edge 1428 196
edge 1429 818
edge 1430 572
edge 92 1431
edge 1431 344
edge 1416 1432
edge 1432 13
edge 361 1433
edge 1433 1448
edge 1448 449
edge 1434 863
edge 285 1435
edge 1435 262
edge 1436 72
edge 1437 573
edge 1420 1438
edge 1438 0
edge 699 1439
edge 1439 374
edge 1424 853
edge 8 1440
edge 1440 1456
edge 1456 236
edge 194 1441
edge 1441 854
edge 557 1442
edge 1442 662
edge 1443 588
edge 196 1444
edge 1444 185
edge 818 1445
edge 1445 733
edge 572 1446
edge 1446 545
edge 572 881
edge 13 1447
edge 1447 1462
edge 1462 6
edge 1448 231
edge 863 1449
edge 1449 886
edge 262 1451
edge 1451 1450
edge 1450 108
edge 1451 589
edge 0 1452
edge 1452 14
edge 374 1453
edge 1453 660
edge 853 1454
edge 1454 1469
edge 1469 60
edge 853 1455
edge 1455 661
edge 1456 446
edge 854 1457
edge 1457 1472
edge 1472 46
edge 662 1458
edge 1458 979
edge 588 1459
edge 1459 684
edge 545 1460
edge 1460 421
edge 6 1461
edge 1461 176
edge 1462 837
edge 1450 1463
edge 1463 981
edge 589 1464
edge 1464 269
edge 14 1465
edge 1465 255
edge 1465 1466
edge 1466 917
edge 660 1467
edge 1467 214
edge 660 1468
edge 1468 173
edge 1469 74
edge 661 1470
edge 1470 348
edge 46 1471
edge 1471 700
edge 1472 939
edge 979 1473
edge 1473 536
edge 1460 1474
edge 1474 472
edge 176 48
edge 1463 1475
edge 1475 1489
edge 1489 264
edge 269 1476
edge 1476 857
edge 255 1477
edge 1477 529
edge 1467 1478
edge 1478 1491
edge 1491 973
edge 1468 1479
edge 1479 642
edge 74 1480
edge 1480 905
edge 348 1481
edge 1481 530
edge 939 1482
edge 1482 901
edge 1482 1483
edge 1483 144
edge 536 1484
edge 1484 617
edge 1473 1485
edge 1485 142
edge 472 1486
edge 1486 956
edge 1486 1487
edge 1487 551
edge 48 1488
edge 1488 377
edge 1489 32
edge 1476 1490
edge 1490 781
edge 1491 559
edge 973 1492
edge 1492 186
edge 642 1493
edge 1493 244
edge 1480 1494
edge 1494 1506
edge 1506 826
edge 530 1496
edge 1496 1495
edge 1495 743
edge 1496 888
edge 144 1497
edge 1497 669
edge 1483 1498
edge 1498 254
edge 142 1499
edge 1499 1511
edge 1511 1510
edge 1510 315
edge 956 1500
edge 1500 702
edge 1500 1501
edge 1501 667
edge 1487 1502
edge 1502 650
edge 32 1503
edge 1503 432
edge 186 1504
edge 1504 250
edge 1493 1505
edge 1505 425
edge 1506 109
edge 888 1507
edge 1507 574
edge 669 1508
edge 1508 858
edge 1508 1525
edge 1525 234
edge 254 1509
edge 1509 891
edge 1510 935
edge 1511 877
edge 315 1512
edge 1512 855
edge 702 1513
edge 1513 488
edge 1513 1514
edge 1514 882
edge 650 1515
edge 1515 314
edge 1503 1516
edge 1516 416
edge 1516 1517
edge 1517 297
edge 250 1518
edge 1518 168
edge 1518 1519
edge 1519 664
edge 109 1520
edge 1520 1535
edge 1535 228
edge 1507 1521
edge 1521 480
edge 574 1522
edge 1522 104
edge 858 1524
edge 1524 1523
edge 1523 786
edge 1524 802
edge 1525 350
edge 891 1526
edge 1526 148
edge 1509 1527
edge 1527 538
edge 877 1528
edge 1528 188
edge 855 1529
edge 1529 918
edge 1512 349
edge 882 1530
edge 1530 619
edge 314 1531
edge 1531 175
edge 416 1532
edge 1532 469
edge 168 1533
edge 1533 484
edge 664 1534
edge 1534 776
edge 1519 407
edge 1535 623
edge 1522 1536
edge 1536 1547
edge 1547 657
edge 1523 1537
edge 1537 47
edge 148 1538
edge 1538 976
edge 1527 1539
edge 1539 1550
edge 1550 201
edge 349 1540
edge 1540 497
edge 175 1541
edge 1541 100
edge 469 1542
edge 1542 1555
edge 1555 744
edge 484 1543
edge 1543 91
edge 1533 1544
edge 1544 333
edge 407 1545
edge 1545 1559
edge 1559 369
edge 623 1546
edge 1546 1560
edge 1560 558
edge 1547 335
edge 47 1548
edge 1548 709
edge 1538 1549
edge 1549 672
edge 1550 107
edge 201 1566
edge 1566 68
edge 1540 1551
edge 1551 932
edge 100 1553
edge 1553 1552
edge 1552 1568
edge 1568 39
edge 1553 246
edge 100 1554
edge 1554 387
edge 1555 67
edge 744 1556
edge 1556 434
edge 333 1557
edge 1557 1573
edge 1573 226
edge 369 1558
edge 1558 443
edge 1559 149
edge 1560 666
edge 558 1561
edge 1561 257
edge 335 1562
edge 1562 111
edge 672 1563
edge 1563 740
edge 107 1564
edge 1564 658
edge 68 1565
edge 1565 323
edge 1566 58
edge 932 1567
edge 1567 974
edge 1568 296
edge 1552 1569
edge 1569 986
edge 246 846
edge 387 1570
edge 1570 525
edge 1554 1571
edge 1571 78
edge 67 907
edge 1556 1572
edge 1572 492
edge 1573 995
edge 226 1574
edge 1574 97
edge 666 1576
edge 1576 1575
edge 1575 930
edge 1576 382
edge 740 1577
edge 1577 386
edge 1577 1578
edge 1578 1591
edge 1591 393
edge 323 1579
edge 1579 616
edge 58 1580
edge 1580 237
edge 974 365
edge 974 1581
edge 1581 63
edge 1567 1582
edge 1582 569
edge 296 1583
edge 1583 169
edge 525 1584
edge 1584 397
edge 1571 1600
edge 1600 284
edge 492 1585
edge 1585 584
edge 97 1587
edge 1587 1586
edge 1586 483
edge 1587 1603
edge 1603 552
edge 930 1588
edge 1588 767
edge 382 1589
edge 1589 838
edge 386 1590
edge 1590 718
edge 1591 673
edge 616 1592
edge 1592 752
edge 1592 1593
edge 1593 550
edge 237 1594
edge 1594 844
edge 365 1595
edge 1595 275
edge 1581 35
edge 569 1596
edge 1596 692
edge 1596 1597
edge 1597 720
edge 169 1598
edge 1598 1610
edge 1610 212
edge 284 1599
edge 1599 347
edge 1600 872
edge 483 1601
edge 1601 967
edge 552 1602
edge 1602 1615
edge 1615 745
edge 1603 737
edge 767 1604
edge 1604 150
edge 1589 1605
edge 1605 777
edge 550 1606
edge 1606 258
edge 1594 1607
edge 1607 625
edge 275 1608
edge 1608 1622
edge 1622 528
edge 720 1609
edge 1609 383
edge 1610 984
edge 1599 1611
edge 1611 41
edge 347 1612
edge 1612 1626
edge 1626 695
edge 872 1613
edge 1613 40
edge 967 1614
edge 1614 75
edge 1615 690
edge 737 1616
edge 1616 1631
edge 1631 795
edge 1606 1617
edge 1617 30
edge 258 1618
edge 1618 571
edge 625 1620
edge 1620 1619
edge 1619 155
edge 1620 266
edge 528 1621
edge 1621 563
edge 1622 59
edge 383 1623
edge 1623 1638
edge 1638 311
edge 984 1625
edge 1625 1624
edge 1624 553
edge 1625 193
edge 1626 467
edge 40 1628
edge 1628 1627
edge 1627 686
edge 1628 562
edge 690 1629
edge 1629 541
edge 795 1630
edge 1630 705
edge 1631 787
edge 30 1633
edge 1633 1632
edge 1632 54
edge 1633 508
edge 1618 823
edge 1618 728
edge 155 1634
edge 1634 206
edge 266 1636
edge 1636 1635
edge 1635 748
edge 1636 240
edge 59 1637
edge 1637 118
edge 1638 1653
edge 1653 431
edge 553 1639
edge 1639 183
edge 553 1640
edge 1640 988
edge 193 1641
edge 1641 681
edge 467 542
edge 562 1642
edge 1642 341
edge 541 1643
edge 1643 987
edge 705 1644
edge 1644 1660
edge 1660 248
edge 54 1645
edge 1645 220
edge 508 1646
edge 1646 606
edge 823 1647
edge 1647 1662
edge 1662 635
edge 728 1648
edge 1648 456
edge 748 1649
edge 1649 1664
edge 1664 963
edge 240 1650
edge 1650 29
edge 118 1652
edge 1652 1651
edge 1651 415
edge 1652 868
edge 1653 593
edge 183 1654
edge 1654 578
edge 1640 1655
edge 1655 243
edge 542 1656
edge 1656 595
edge 341 1657
edge 1657 1671
edge 1671 445
edge 1643 1658
edge 1658 366
edge 987 1659
edge 1659 9
edge 1660 654
edge 606 1661
edge 1661 20
edge 1662 534
edge 456 1663
edge 1663 694
edge 1664 1682
edge 1682 869
edge 1650 1665
edge 1665 101
edge 868 1666
edge 1666 474
edge 593 1667
edge 1667 441
edge 578 1668
edge 1668 1685
edge 1685 22
edge 243 1669
edge 1669 310
edge 1656 1670
edge 1670 600
edge 1671 442
edge 445 1672
edge 1672 137
edge 366 1673
edge 1673 493
edge 1659 1675
edge 1675 1674
edge 1674 1691
edge 1691 726
edge 1675 831
edge 654 1676
edge 1676 439
edge 1661 141
edge 20 1677
edge 1677 289
edge 534 1678
edge 1678 994
edge 1678 1679
edge 1679 544
edge 1663 1680
edge 1680 440
edge 869 1681
edge 1681 1698
edge 1698 790
edge 1682 913
edge 1665 1683
edge 1683 252
edge 1667 1684
edge 1684 110
edge 1685 62
edge 310 1686
edge 1686 950
edge 1686 1687
edge 1687 708
edge 600 1688
edge 1688 1702
edge 1702 376
edge 137 1689
edge 1689 286
edge 1672 1690
edge 1690 755
edge 1691 476
edge 1676 1692
edge 1692 933
edge 439 1693
edge 1693 523
edge 141 1694
edge 1694 345
edge 289 1695
edge 1695 1713
edge 1713 703
edge 1677 1696
edge 1696 998
edge 994 840
edge 544 507
edge 1679 1697
edge 1697 339
edge 1698 647
edge 110 1699
edge 1699 124
edge 62 1700
edge 1700 90
edge 708 1701
edge 1701 200
edge 1702 688
edge 286 1703
edge 1703 1720
edge 1720 278
edge 755 1704
edge 1704 928
edge 1690 1705
edge 1705 732
edge 476 1707
edge 1707 1706
edge 1706 55
edge 1707 852
edge 933 1708
edge 1708 49
edge 523 1709
edge 1709 83
edge 1709 1710
edge 1710 640
edge 345 1712
edge 1712 1711
edge 1711 502
edge 1712 892
edge 1713 1725
edge 1725 239
edge 703 1714
edge 1714 309
edge 840 1715
edge 1715 955
edge 507 1716
edge 1716 1729
edge 1729 590
edge 647 1717
edge 1717 627
edge 124 968
edge 200 1733
edge 1733 749
edge 688 1718
edge 1718 581
edge 1718 1719
edge 1719 1734
edge 1734 511
edge 1720 238
edge 852 1721
edge 1721 213
edge 49 1722
edge 1722 123
edge 83 112
edge 1710 1723
edge 1723 84
edge 640 1740
edge 1740 337
edge 892 1724
edge 1724 461
edge 1725 784
edge 309 1726
edge 1726 130
edge 955 1727
edge 1727 923
edge 1715 1728
edge 1728 392
edge 1729 42
edge 968 1730
edge 1730 1746
edge 1746 316
edge 968 1731
edge 1731 783
edge 749 1732
edge 1732 665
edge 1733 136
edge 1734 1752
edge 1752 56
edge 238 1735
edge 1735 444
edge 213 1736
edge 1736 308
edge 213 1737
edge 1737 643
edge 123 1738
edge 1738 785
edge 112 1739
edge 1739 360
edge 1740 164
edge 337 1741
edge 1741 893
edge 1724 1742
edge 1742 465
edge 1726 1743
edge 1743 358
edge 392 609
edge 42 1744
edge 1744 94
edge 316 1745
edge 1745 64
edge 1746 1760
edge 1760 448
edge 1745 1747
edge 1747 463
edge 783 1748
edge 1748 731
edge 1748 1749
edge 1749 904
edge 665 1750
edge 1750 132
edge 136 1751
edge 1751 301
edge 1752 235
edge 56 1753
edge 1753 944
edge 1735 1754
edge 1754 260
edge 1736 1755
edge 1755 363
edge 1737 1756
edge 1756 583
edge 360 1757
edge 1757 1770
edge 1770 714
edge 465 1758
edge 1758 775
edge 94 1759
edge 1759 1773
edge 1773 510
edge 1760 586
edge 731 1761
edge 1761 883
edge 904 1763
edge 1763 1762
edge 1762 889
edge 1763 371
edge 301 1764
edge 1764 1776
edge 1776 165
edge 944 1765
edge 1765 570
edge 1753 1766
edge 1766 675
edge 260 1767
edge 1767 28
edge 1767 1768
edge 1768 758
edge 583 1769
edge 1769 413
edge 1770 120
edge 714 1771
edge 1771 460
edge 775 1772
edge 1772 417
edge 1773 535
edge 883 1774
edge 1774 70
edge 371 1775
edge 1775 364
edge 1776 1786
edge 1786 610
edge 413 1777
edge 1777 644
edge 1769 1778
edge 1778 385
edge 120 1779
edge 1779 1790
edge 1790 216
edge 460 1780
edge 1780 585
edge 417 1781
edge 1781 679
edge 1774 1782
edge 1782 624
edge 70 1783
edge 1783 242
edge 1775 1784
edge 1784 134
edge 610 1785
edge 1785 710
edge 1786 809
edge 644 1787
edge 1787 633
edge 385 1789
edge 1789 1788
edge 1788 329
edge 1789 1795
edge 1795 506
edge 1790 845
edge 585 1791
edge 1791 153
edge 624 1792
edge 1792 556
edge 242 1793
edge 1793 1799
edge 1799 773
edge 633 1794
edge 1794 524
edge 1795 1801
edge 1801 678
edge 1791 1796
edge 1796 531
edge 153 1797
edge 1797 274
edge 773 1798
edge 1798 992
edge 1799 179
edge 1794 208
edge 1794 1800
edge 1800 656
edge 1801 567
edge 531 1802
edge 1802 129
edge 1798 1803
edge 1803 839
edge 179 1804
edge 1804 184
edge 656 1805
edge 1805 326
edge 129 1806
edge 1806 961
edge 184 1807
edge 1807 601
edge 1804 1808
edge 1808 519
edge 326 1809
edge 1809 942
edge 1806 1810
edge 1810 925
edge 961 1811
edge 1811 1818
edge 1818 943
edge 1807 1812
edge 1812 359
edge 601 1813
edge 1813 340
edge 1808 1814
edge 1814 96
edge 519 1815
edge 1815 764
edge 942 1816
edge 1816 811
edge 1809 1817
edge 1817 433
edge 1818 1823
edge 1823 860
edge 359 1819
edge 1819 1825
edge 1825 815
edge 1813 1820
edge 1820 1826
edge 1826 290
edge 1815 1821
edge 1821 548
edge 811 1822
edge 1822 1827
edge 1827 916
edge 1817 105
edge 1823 468
edge 860 1824
edge 1824 910
edge 1825 794
edge 815 399
edge 1826 34
edge 1827 268
edge 105 1828
edge 1828 1833
edge 1833 270
edge 1824 1829
edge 1829 971
edge 910 1830
edge 1830 1835
edge 1835 293
edge 794 259
edge 268 1831
edge 1831 706
edge 1831 1832
edge 1832 1837
edge 1837 427
edge 1833 841
edge 971 1834
edge 1834 890
edge 1835 912
edge 259 1836
edge 1836 615
edge 1837 299
edge 841 1838
edge 1838 1845
edge 1845 934
edge 912 1839
edge 1839 887
edge 1839 1840
edge 1840 53
edge 615 1841
edge 1841 122
edge 1841 1842
edge 1842 199
edge 299 1844
edge 1844 1843
edge 1843 540
edge 1844 192
edge 1845 1851
edge 1851 879
edge 934 1846
edge 1846 864
edge 53 1847
edge 1847 900
edge 199 1848
edge 1848 970
edge 1842 1849
edge 1849 355
edge 192 1850
edge 1850 117
edge 1851 119
edge 864 1852
edge 1852 977
edge 900 1853
edge 1853 908
edge 1848 1854
edge 1854 850
edge 355 438
edge 1850 1855
edge 1855 404
edge 1855 1862
edge 1862 592
edge 1852 865
edge 977 1856
edge 1856 919
edge 908 1859
edge 1859 1857
edge 1857 36
edge 1857 1858
edge 1858 996
edge 1859 715
edge 850 1860
edge 1860 847
edge 404 1861
edge 1861 1867
edge 1867 154
edge 1862 1868
edge 1868 191
edge 865 1863
edge 1863 1870
edge 1870 685
edge 1856 1864
edge 1864 50
edge 996 1865
edge 1865 498
edge 715 1866
edge 1866 915
edge 1867 742
edge 1868 990
edge 685 1869
edge 1869 687
edge 1870 162
edge 50 575
edge 50 1871
edge 1871 1878
edge 1878 810
edge 498 1872
edge 1872 233
edge 1866 1873
edge 1873 631
edge 990 1874
edge 1874 174
edge 1869 1875
edge 1875 772
edge 162 1876
edge 1876 756
edge 810 1877
edge 1877 1883
edge 1883 637
edge 1878 76
edge 233 1879
edge 1879 3
edge 631 1880
edge 1880 306
edge 174 1881
edge 1881 596
edge 772 1882
edge 1882 1890
edge 1890 69
edge 1883 261
edge 3 1885
edge 1885 1884
edge 1884 607
edge 1885 181
edge 306 1886
edge 1886 936
edge 1880 1887
edge 1887 1894
edge 1894 500
edge 596 1888
edge 1888 113
edge 69 1889
edge 1889 819
edge 1890 203
edge 607 1891
edge 1891 395
edge 181 1892
edge 1892 11
edge 936 1893
edge 1893 683
edge 1894 292
edge 1888 1895
edge 1895 195
edge 113 801
edge 819 1896
edge 1896 768
edge 203 166
edge 395 1897
edge 1897 1903
edge 1903 210
edge 1892 1898
edge 1898 21
edge 1893 1899
edge 1899 520
edge 292 1900
edge 1900 412
edge 1896 1901
edge 1901 793
edge 166 1902
edge 1902 611
edge 1903 80
edge 210 1904
edge 1904 1907
edge 1907 45
edge 1904 762
edge 21 1905
edge 1905 991
edge 412 1906
edge 1906 561
edge 1907 543
edge 45 952
edge 762 1908
edge 1908 24
edge 1905 1909
edge 1909 202
edge 24 1910
edge 1910 774
edge 202 1911
edge 1911 941
edge 1911 1912
edge 1912 318
edge 941 1913
edge 1913 373
edge 1912 1914
edge 1914 948
edge 373 1915
edge 1915 95
edge 1913 1916
edge 1916 760
edge 95 1917
edge 1917 241
edge 1917 1918
edge 1918 769
edge 760 1919
edge 1919 430
edge 241 1920
edge 1920 532
edge 1918 1921
edge 1921 636
edge 769 1922
edge 1922 605
edge 1919 1923
edge 1923 171
edge 605 1924
edge 1924 738
edge 1924 1925
edge 1925 470
edge 470 1926
edge 1926 1927
edge 1927 866
edge 1927 778
edge 866 1928
edge 1928 177

Path length = 2370.4